0 verbose cli C:\Program Files\nodejs\node.exe C:\Program Files\nodejs\node_modules\npm\bin\npm-cli.js
1 info using npm@11.6.2
2 info using node@v24.12.0
3 silly config load:file:C:\Program Files\nodejs\node_modules\npm\npmrc
4 silly config load:file:C:\Users\Eric\Documents\New project\loan-portal\.npmrc
5 silly config load:file:C:\Users\Eric\.npmrc
6 silly config load:file:C:\Users\Eric\AppData\Roaming\npm\etc\npmrc
7 verbose title npm install prisma @prisma/client axios react-hook-form zod @hookform/resolvers
8 verbose argv "install" "prisma" "@prisma/client" "axios" "react-hook-form" "zod" "@hookform/resolvers" "--cache" ".\\.npm-cache"
9 verbose logfile logs-max:10 dir:C:\Users\Eric\Documents\New project\loan-portal\.npm-cache\_logs\2026-07-04T13_13_17_099Z-
10 verbose logfile C:\Users\Eric\Documents\New project\loan-portal\.npm-cache\_logs\2026-07-04T13_13_17_099Z-debug-0.log
11 silly logfile done cleaning log files
12 silly packumentCache heap:2348810240 maxSize:587202560 maxEntrySize:293601280
13 silly idealTree buildDeps
14 silly fetch manifest next@16.2.10
15 silly packumentCache full:https://registry.npmjs.org/next cache-miss
16 http fetch GET https://registry.npmjs.org/next attempt 1 failed with ECONNRESET
17 http fetch GET 200 https://registry.npmjs.org/npm 24269ms
18 http fetch GET 200 https://registry.npmjs.org/next 138276ms attempt #2 (cache miss)
19 silly packumentCache full:https://registry.npmjs.org/next set size:undefined disposed:false
20 silly fetch manifest @opentelemetry/api@^1.1.0
21 silly packumentCache full:https://registry.npmjs.org/@opentelemetry%2fapi cache-miss
22 http fetch GET 200 https://registry.npmjs.org/@opentelemetry%2fapi 2295ms (cache miss)
23 silly packumentCache full:https://registry.npmjs.org/@opentelemetry%2fapi set size:undefined disposed:false
24 silly fetch manifest @playwright/test@^1.51.1
25 silly packumentCache full:https://registry.npmjs.org/@playwright%2ftest cache-miss
26 http fetch GET 200 https://registry.npmjs.org/@playwright%2ftest 48874ms (cache miss)
27 silly packumentCache full:https://registry.npmjs.org/@playwright%2ftest set size:undefined disposed:false
28 silly fetch manifest babel-plugin-react-compiler@*
29 silly packumentCache full:https://registry.npmjs.org/babel-plugin-react-compiler cache-miss
30 http fetch GET 200 https://registry.npmjs.org/babel-plugin-react-compiler 6947ms (cache miss)
31 silly packumentCache full:https://registry.npmjs.org/babel-plugin-react-compiler set size:undefined disposed:false
32 silly fetch manifest react@19.2.4
33 silly packumentCache full:https://registry.npmjs.org/react cache-miss
34 http fetch GET 200 https://registry.npmjs.org/react 41367ms (cache miss)
35 silly packumentCache full:https://registry.npmjs.org/react set size:undefined disposed:false
36 silly fetch manifest react-dom@19.2.4
37 silly packumentCache full:https://registry.npmjs.org/react-dom cache-miss
38 http fetch GET 200 https://registry.npmjs.org/react-dom 29808ms (cache miss)
39 silly packumentCache full:https://registry.npmjs.org/react-dom set size:undefined disposed:false
40 silly fetch manifest sass@^1.3.0
41 silly packumentCache full:https://registry.npmjs.org/sass cache-miss
42 http fetch GET 200 https://registry.npmjs.org/sass 4276ms (cache miss)
43 silly packumentCache full:https://registry.npmjs.org/sass set size:undefined disposed:false
44 silly fetch manifest prisma@*
45 silly packumentCache full:https://registry.npmjs.org/prisma cache-miss
46 http fetch GET 200 https://registry.npmjs.org/prisma 138835ms (cache miss)
47 silly packumentCache full:https://registry.npmjs.org/prisma set size:undefined disposed:false
48 silly fetch manifest better-sqlite3@>=9.0.0
49 silly packumentCache full:https://registry.npmjs.org/better-sqlite3 cache-miss
50 http fetch GET 200 https://registry.npmjs.org/better-sqlite3 1453ms (cache miss)
51 silly packumentCache full:https://registry.npmjs.org/better-sqlite3 set size:undefined disposed:false
52 silly fetch manifest typescript@^5
53 silly packumentCache full:https://registry.npmjs.org/typescript cache-miss
54 http fetch GET 200 https://registry.npmjs.org/typescript 40784ms (cache miss)
55 silly packumentCache full:https://registry.npmjs.org/typescript set size:undefined disposed:false
56 silly fetch manifest @prisma/client@*
57 silly packumentCache full:https://registry.npmjs.org/@prisma%2fclient cache-miss
58 http fetch GET 200 https://registry.npmjs.org/@prisma%2fclient 160048ms (cache miss)
59 silly packumentCache full:https://registry.npmjs.org/@prisma%2fclient set size:undefined disposed:false
60 silly fetch manifest axios@*
61 silly packumentCache full:https://registry.npmjs.org/axios cache-miss
62 http fetch GET 200 https://registry.npmjs.org/axios 1192ms (cache miss)
63 silly packumentCache full:https://registry.npmjs.org/axios set size:undefined disposed:false
64 silly fetch manifest react-hook-form@*
65 silly packumentCache full:https://registry.npmjs.org/react-hook-form cache-miss
66 http fetch GET 200 https://registry.npmjs.org/react-hook-form 3777ms (cache miss)
67 silly packumentCache full:https://registry.npmjs.org/react-hook-form set size:undefined disposed:false
68 silly fetch manifest zod@*
69 silly packumentCache full:https://registry.npmjs.org/zod cache-miss
70 http fetch GET 200 https://registry.npmjs.org/zod 2190ms (cache miss)
71 silly packumentCache full:https://registry.npmjs.org/zod set size:undefined disposed:false
72 silly fetch manifest @hookform/resolvers@*
73 silly packumentCache full:https://registry.npmjs.org/@hookform%2fresolvers cache-miss
74 http fetch GET 200 https://registry.npmjs.org/@hookform%2fresolvers 1062ms (cache miss)
75 silly packumentCache full:https://registry.npmjs.org/@hookform%2fresolvers set size:undefined disposed:false
76 silly fetch manifest @tailwindcss/postcss@^4
77 silly packumentCache full:https://registry.npmjs.org/@tailwindcss%2fpostcss cache-miss
78 http fetch GET 200 https://registry.npmjs.org/@tailwindcss%2fpostcss 3068ms (cache miss)
79 silly packumentCache full:https://registry.npmjs.org/@tailwindcss%2fpostcss set size:undefined disposed:false
80 silly fetch manifest @types/node@^20
81 silly packumentCache full:https://registry.npmjs.org/@types%2fnode cache-miss
82 http fetch GET 200 https://registry.npmjs.org/@types%2fnode 13034ms (cache miss)
83 silly packumentCache full:https://registry.npmjs.org/@types%2fnode set size:undefined disposed:false
84 silly fetch manifest @types/react@^19
85 silly packumentCache full:https://registry.npmjs.org/@types%2freact cache-miss
86 http fetch GET 200 https://registry.npmjs.org/@types%2freact 3876ms (cache miss)
87 silly packumentCache full:https://registry.npmjs.org/@types%2freact set size:undefined disposed:false
88 silly fetch manifest eslint-config-next@16.2.10
89 silly packumentCache full:https://registry.npmjs.org/eslint-config-next cache-miss
90 http fetch GET 200 https://registry.npmjs.org/eslint-config-next 9016ms (cache miss)
91 silly packumentCache full:https://registry.npmjs.org/eslint-config-next set size:undefined disposed:false
92 silly fetch manifest eslint@^9
93 silly packumentCache full:https://registry.npmjs.org/eslint cache-miss
94 http fetch GET 200 https://registry.npmjs.org/eslint 1506ms (cache miss)
95 silly packumentCache full:https://registry.npmjs.org/eslint set size:undefined disposed:false
96 silly fetch manifest jiti@*
97 silly packumentCache full:https://registry.npmjs.org/jiti cache-miss
98 http fetch GET 200 https://registry.npmjs.org/jiti 537ms (cache miss)
99 silly packumentCache full:https://registry.npmjs.org/jiti set size:undefined disposed:false
100 silly fetch manifest tailwindcss@^4
101 silly packumentCache full:https://registry.npmjs.org/tailwindcss cache-miss
102 http fetch GET 200 https://registry.npmjs.org/tailwindcss 10731ms (cache miss)
103 silly packumentCache full:https://registry.npmjs.org/tailwindcss set size:undefined disposed:false
104 silly placeDep ROOT @hookform/resolvers@5.4.0 OK for: loan-portal@0.1.0 want: *
105 silly placeDep ROOT react-hook-form@7.80.0 OK for: @hookform/resolvers@5.4.0 want: ^7.55.0
106 silly placeDep ROOT @prisma/client@7.8.0 OK for: loan-portal@0.1.0 want: *
107 silly placeDep ROOT @tailwindcss/postcss@4.3.2 REPLACE for: loan-portal@0.1.0 want: ^4
108 silly placeDep ROOT @types/node@20.19.43 REPLACE for: loan-portal@0.1.0 want: ^20
109 silly placeDep ROOT @types/react@19.2.17 REPLACE for: loan-portal@0.1.0 want: ^19
110 silly placeDep ROOT axios@1.18.1 OK for: loan-portal@0.1.0 want: *
111 silly placeDep ROOT eslint-config-next@16.2.10 REPLACE for: loan-portal@0.1.0 want: 16.2.10
112 silly placeDep ROOT next@16.2.10 REPLACE for: loan-portal@0.1.0 want: 16.2.10
113 silly placeDep ROOT prisma@7.8.0 OK for: loan-portal@0.1.0 want: *
114 silly placeDep ROOT react-hook-form@7.80.0 REPLACE for: loan-portal@0.1.0 want: *
115 silly placeDep ROOT tailwindcss@4.3.2 OK for: loan-portal@0.1.0 want: ^4
116 silly placeDep ROOT zod@4.4.3 REPLACE for: loan-portal@0.1.0 want: *
117 silly fetch manifest @standard-schema/utils@^0.3.0
118 silly packumentCache full:https://registry.npmjs.org/@standard-schema%2futils cache-miss
119 silly fetch manifest @prisma/client-runtime-utils@7.8.0
120 silly packumentCache full:https://registry.npmjs.org/@prisma%2fclient-runtime-utils cache-miss
121 silly fetch manifest postcss@^8.5.15
122 silly packumentCache full:https://registry.npmjs.org/postcss cache-miss
123 silly fetch manifest tailwindcss@4.3.2
124 silly packumentCache full:https://registry.npmjs.org/tailwindcss cache-miss
125 silly fetch manifest @tailwindcss/node@4.3.2
126 silly packumentCache full:https://registry.npmjs.org/@tailwindcss%2fnode cache-miss
127 silly fetch manifest form-data@^4.0.5
128 silly packumentCache full:https://registry.npmjs.org/form-data cache-miss
129 silly fetch manifest proxy-from-env@^2.1.0
130 silly packumentCache full:https://registry.npmjs.org/proxy-from-env cache-miss
131 http cache https://registry.npmjs.org/tailwindcss 137ms (cache hit)
132 silly packumentCache full:https://registry.npmjs.org/tailwindcss set size:10742859 disposed:false
133 silly fetch manifest follow-redirects@^1.16.0
134 silly packumentCache full:https://registry.npmjs.org/follow-redirects cache-miss
135 http fetch GET 200 https://registry.npmjs.org/@standard-schema%2futils 393ms (cache miss)
136 silly packumentCache full:https://registry.npmjs.org/@standard-schema%2futils set size:undefined disposed:false
137 silly fetch manifest https-proxy-agent@^5.0.1
138 silly packumentCache full:https://registry.npmjs.org/https-proxy-agent cache-miss
139 http fetch GET 200 https://registry.npmjs.org/https-proxy-agent 1083ms (cache miss)
140 silly packumentCache full:https://registry.npmjs.org/https-proxy-agent set size:undefined disposed:false
141 silly fetch manifest caniuse-lite@^1.0.30001579
142 silly packumentCache full:https://registry.npmjs.org/caniuse-lite cache-miss
143 http fetch GET 200 https://registry.npmjs.org/follow-redirects 1650ms (cache miss)
144 silly packumentCache full:https://registry.npmjs.org/follow-redirects set size:undefined disposed:false
145 silly fetch manifest @next/swc-darwin-x64@16.2.10
146 silly packumentCache full:https://registry.npmjs.org/@next%2fswc-darwin-x64 cache-miss
147 http fetch GET 200 https://registry.npmjs.org/proxy-from-env 4907ms (cache miss)
148 silly packumentCache full:https://registry.npmjs.org/proxy-from-env set size:undefined disposed:false
149 silly fetch manifest @next/swc-darwin-arm64@16.2.10
150 silly packumentCache full:https://registry.npmjs.org/@next%2fswc-darwin-arm64 cache-miss
151 http fetch GET 200 https://registry.npmjs.org/@prisma%2fclient-runtime-utils 5128ms (cache miss)
152 silly packumentCache full:https://registry.npmjs.org/@prisma%2fclient-runtime-utils set size:undefined disposed:false
153 silly fetch manifest @next/swc-linux-x64-gnu@16.2.10
154 silly packumentCache full:https://registry.npmjs.org/@next%2fswc-linux-x64-gnu cache-miss
155 http fetch GET 200 https://registry.npmjs.org/postcss 7188ms (cache miss)
156 silly packumentCache full:https://registry.npmjs.org/postcss set size:undefined disposed:false
157 silly fetch manifest @next/swc-linux-x64-musl@16.2.10
158 silly packumentCache full:https://registry.npmjs.org/@next%2fswc-linux-x64-musl cache-miss
159 http fetch GET 200 https://registry.npmjs.org/form-data 8912ms (cache miss)
160 silly packumentCache full:https://registry.npmjs.org/form-data set size:undefined disposed:false
161 silly fetch manifest @next/swc-linux-arm64-gnu@16.2.10
162 silly packumentCache full:https://registry.npmjs.org/@next%2fswc-linux-arm64-gnu cache-miss
163 http fetch GET 200 https://registry.npmjs.org/caniuse-lite 8725ms (cache miss)
164 silly packumentCache full:https://registry.npmjs.org/caniuse-lite set size:undefined disposed:false
165 silly fetch manifest @next/swc-linux-arm64-musl@16.2.10
166 silly packumentCache full:https://registry.npmjs.org/@next%2fswc-linux-arm64-musl cache-miss
167 http fetch GET 200 https://registry.npmjs.org/@next%2fswc-darwin-x64 18585ms (cache miss)
168 silly packumentCache full:https://registry.npmjs.org/@next%2fswc-darwin-x64 set size:undefined disposed:false
169 silly fetch manifest @next/swc-win32-arm64-msvc@16.2.10
170 silly packumentCache full:https://registry.npmjs.org/@next%2fswc-win32-arm64-msvc cache-miss
171 http fetch GET https://registry.npmjs.org/@tailwindcss%2fnode attempt 1 failed with ECONNRESET
172 http fetch GET 200 https://registry.npmjs.org/@next%2fswc-linux-arm64-musl 19999ms (cache miss)
173 silly packumentCache full:https://registry.npmjs.org/@next%2fswc-linux-arm64-musl set size:undefined disposed:false
174 silly fetch manifest mysql2@3.15.3
175 silly packumentCache full:https://registry.npmjs.org/mysql2 cache-miss
176 http fetch GET 200 https://registry.npmjs.org/@next%2fswc-win32-arm64-msvc 11762ms (cache miss)
177 silly packumentCache full:https://registry.npmjs.org/@next%2fswc-win32-arm64-msvc set size:undefined disposed:false
178 silly fetch manifest postgres@3.4.7
179 silly packumentCache full:https://registry.npmjs.org/postgres cache-miss
180 http fetch GET 200 https://registry.npmjs.org/mysql2 2397ms (cache miss)
181 silly packumentCache full:https://registry.npmjs.org/mysql2 set size:undefined disposed:false
182 silly fetch manifest @prisma/dev@0.24.3
183 silly packumentCache full:https://registry.npmjs.org/@prisma%2fdev cache-miss
184 http fetch GET 200 https://registry.npmjs.org/postgres 871ms (cache miss)
185 silly packumentCache full:https://registry.npmjs.org/postgres set size:undefined disposed:false
186 silly fetch manifest @prisma/config@7.8.0
187 silly packumentCache full:https://registry.npmjs.org/@prisma%2fconfig cache-miss
188 http fetch GET 200 https://registry.npmjs.org/@prisma%2fdev 5507ms (cache miss)
189 silly packumentCache full:https://registry.npmjs.org/@prisma%2fdev set size:undefined disposed:false
190 silly fetch manifest @prisma/engines@7.8.0
191 silly packumentCache full:https://registry.npmjs.org/@prisma%2fengines cache-miss
192 http fetch GET 200 https://registry.npmjs.org/@tailwindcss%2fnode 38690ms attempt #2 (cache miss)
193 silly packumentCache full:https://registry.npmjs.org/@tailwindcss%2fnode set size:undefined disposed:false
194 silly fetch manifest @prisma/studio-core@0.27.3
195 silly packumentCache full:https://registry.npmjs.org/@prisma%2fstudio-core cache-miss
196 http fetch GET 200 https://registry.npmjs.org/@next%2fswc-linux-x64-gnu 33628ms (cache miss)
197 silly packumentCache full:https://registry.npmjs.org/@next%2fswc-linux-x64-gnu set size:undefined disposed:false
198 http fetch GET 200 https://registry.npmjs.org/@prisma%2fconfig 7140ms (cache miss)
199 silly packumentCache full:https://registry.npmjs.org/@prisma%2fconfig set size:undefined disposed:false
200 http fetch GET 200 https://registry.npmjs.org/@next%2fswc-linux-x64-musl 37949ms (cache miss)
201 silly packumentCache full:https://registry.npmjs.org/@next%2fswc-linux-x64-musl set size:undefined disposed:false
202 http fetch GET 200 https://registry.npmjs.org/@prisma%2fstudio-core 8021ms (cache miss)
203 silly packumentCache full:https://registry.npmjs.org/@prisma%2fstudio-core set size:undefined disposed:false
