0 verbose cli C:\Program Files\nodejs\node.exe C:\Program Files\nodejs\node_modules\npm\bin\npm-cli.js
1 info using npm@11.6.2
2 info using node@v24.12.0
3 silly config load:file:C:\Program Files\nodejs\node_modules\npm\npmrc
4 silly config load:file:C:\Users\Eric\Documents\New project\loan-portal\.npmrc
5 silly config load:file:C:\Users\Eric\.npmrc
6 silly config load:file:C:\Users\Eric\AppData\Roaming\npm\etc\npmrc
7 verbose title npm install
8 verbose argv "install" "--prefer-offline" "--no-audit" "--no-fund" "--progress" "false" "--cache" ".\\.npm-cache"
9 verbose logfile logs-max:10 dir:C:\Users\Eric\Documents\New project\loan-portal\.npm-cache\_logs\2026-07-04T13_35_25_844Z-
10 verbose logfile C:\Users\Eric\Documents\New project\loan-portal\.npm-cache\_logs\2026-07-04T13_35_25_844Z-debug-0.log
11 silly logfile done cleaning log files
12 silly packumentCache heap:2348810240 maxSize:587202560 maxEntrySize:293601280
13 silly idealTree buildDeps
14 silly fetch manifest @tailwindcss/oxide-android-arm64@4.3.2
15 silly packumentCache full:https://registry.npmjs.org/@tailwindcss%2foxide-android-arm64 cache-miss
16 http fetch GET 200 https://registry.npmjs.org/@tailwindcss%2foxide-android-arm64 50ms (cache stale)
17 silly packumentCache full:https://registry.npmjs.org/@tailwindcss%2foxide-android-arm64 set size:2081857 disposed:false
18 silly fetch manifest @tailwindcss/oxide-darwin-arm64@4.3.2
19 silly packumentCache full:https://registry.npmjs.org/@tailwindcss%2foxide-darwin-arm64 cache-miss
20 http fetch GET 200 https://registry.npmjs.org/@tailwindcss%2foxide-darwin-arm64 36ms (cache stale)
21 silly packumentCache full:https://registry.npmjs.org/@tailwindcss%2foxide-darwin-arm64 set size:2941118 disposed:false
22 silly fetch manifest @tailwindcss/oxide-darwin-x64@4.3.2
23 silly packumentCache full:https://registry.npmjs.org/@tailwindcss%2foxide-darwin-x64 cache-miss
24 http fetch GET 200 https://registry.npmjs.org/@tailwindcss%2foxide-darwin-x64 28ms (cache stale)
25 silly packumentCache full:https://registry.npmjs.org/@tailwindcss%2foxide-darwin-x64 set size:2905522 disposed:false
26 silly fetch manifest @tailwindcss/oxide-linux-arm-gnueabihf@4.3.2
27 silly packumentCache full:https://registry.npmjs.org/@tailwindcss%2foxide-linux-arm-gnueabihf cache-miss
28 http fetch GET 200 https://registry.npmjs.org/@tailwindcss%2foxide-linux-arm-gnueabihf 32ms (cache stale)
29 silly packumentCache full:https://registry.npmjs.org/@tailwindcss%2foxide-linux-arm-gnueabihf set size:3018008 disposed:false
30 silly fetch manifest @tailwindcss/oxide-freebsd-x64@4.3.2
31 silly packumentCache full:https://registry.npmjs.org/@tailwindcss%2foxide-freebsd-x64 cache-miss
32 http fetch GET 200 https://registry.npmjs.org/@tailwindcss%2foxide-freebsd-x64 27ms (cache stale)
33 silly packumentCache full:https://registry.npmjs.org/@tailwindcss%2foxide-freebsd-x64 set size:2920350 disposed:false
34 silly fetch manifest @tailwindcss/oxide-linux-arm64-gnu@4.3.2
35 silly packumentCache full:https://registry.npmjs.org/@tailwindcss%2foxide-linux-arm64-gnu cache-miss
36 http fetch GET 200 https://registry.npmjs.org/@tailwindcss%2foxide-linux-arm64-gnu 31ms (cache stale)
37 silly packumentCache full:https://registry.npmjs.org/@tailwindcss%2foxide-linux-arm64-gnu set size:2992246 disposed:false
38 silly fetch manifest @tailwindcss/oxide-linux-arm64-musl@4.3.2
39 silly packumentCache full:https://registry.npmjs.org/@tailwindcss%2foxide-linux-arm64-musl cache-miss
40 http fetch GET 200 https://registry.npmjs.org/@tailwindcss%2foxide-linux-arm64-musl 33ms (cache stale)
41 silly packumentCache full:https://registry.npmjs.org/@tailwindcss%2foxide-linux-arm64-musl set size:3003530 disposed:false
42 silly fetch manifest @tailwindcss/oxide-linux-x64-gnu@4.3.2
43 silly packumentCache full:https://registry.npmjs.org/@tailwindcss%2foxide-linux-x64-gnu cache-miss
44 http fetch GET 200 https://registry.npmjs.org/@tailwindcss%2foxide-linux-x64-gnu 34ms (cache stale)
45 silly packumentCache full:https://registry.npmjs.org/@tailwindcss%2foxide-linux-x64-gnu set size:2965560 disposed:false
46 silly fetch manifest @tailwindcss/oxide-linux-x64-musl@4.3.2
47 silly packumentCache full:https://registry.npmjs.org/@tailwindcss%2foxide-linux-x64-musl cache-miss
48 http fetch GET 200 https://registry.npmjs.org/@tailwindcss%2foxide-linux-x64-musl 34ms (cache stale)
49 silly packumentCache full:https://registry.npmjs.org/@tailwindcss%2foxide-linux-x64-musl set size:2974576 disposed:false
50 silly fetch manifest @tailwindcss/oxide-wasm32-wasi@4.3.2
51 silly packumentCache full:https://registry.npmjs.org/@tailwindcss%2foxide-wasm32-wasi cache-miss
52 http fetch GET 200 https://registry.npmjs.org/@tailwindcss%2foxide-wasm32-wasi 27ms (cache stale)
53 silly packumentCache full:https://registry.npmjs.org/@tailwindcss%2foxide-wasm32-wasi set size:1505313 disposed:false
54 silly fetch manifest @tailwindcss/oxide-win32-arm64-msvc@4.3.2
55 silly packumentCache full:https://registry.npmjs.org/@tailwindcss%2foxide-win32-arm64-msvc cache-miss
56 http fetch GET 200 https://registry.npmjs.org/@tailwindcss%2foxide-win32-arm64-msvc 42ms (cache stale)
57 silly packumentCache full:https://registry.npmjs.org/@tailwindcss%2foxide-win32-arm64-msvc set size:2058266 disposed:false
58 silly placeDep ROOT @tailwindcss/oxide-android-arm64@4.3.2 OK for: @tailwindcss/oxide@4.3.2 want: 4.3.2
59 silly placeDep ROOT @tailwindcss/oxide-darwin-arm64@4.3.2 OK for: @tailwindcss/oxide@4.3.2 want: 4.3.2
60 silly placeDep ROOT @tailwindcss/oxide-darwin-x64@4.3.2 OK for: @tailwindcss/oxide@4.3.2 want: 4.3.2
61 silly placeDep ROOT @tailwindcss/oxide-freebsd-x64@4.3.2 OK for: @tailwindcss/oxide@4.3.2 want: 4.3.2
62 silly placeDep ROOT @tailwindcss/oxide-linux-arm-gnueabihf@4.3.2 OK for: @tailwindcss/oxide@4.3.2 want: 4.3.2
63 silly placeDep ROOT @tailwindcss/oxide-linux-arm64-gnu@4.3.2 OK for: @tailwindcss/oxide@4.3.2 want: 4.3.2
64 silly placeDep ROOT @tailwindcss/oxide-linux-arm64-musl@4.3.2 OK for: @tailwindcss/oxide@4.3.2 want: 4.3.2
65 silly placeDep ROOT @tailwindcss/oxide-linux-x64-gnu@4.3.2 OK for: @tailwindcss/oxide@4.3.2 want: 4.3.2
66 silly placeDep ROOT @tailwindcss/oxide-linux-x64-musl@4.3.2 OK for: @tailwindcss/oxide@4.3.2 want: 4.3.2
67 silly placeDep ROOT @tailwindcss/oxide-wasm32-wasi@4.3.2 OK for: @tailwindcss/oxide@4.3.2 want: 4.3.2
68 silly placeDep ROOT @tailwindcss/oxide-win32-arm64-msvc@4.3.2 OK for: @tailwindcss/oxide@4.3.2 want: 4.3.2
69 silly fetch manifest lightningcss-darwin-x64@1.32.0
70 silly packumentCache full:https://registry.npmjs.org/lightningcss-darwin-x64 cache-miss
71 http fetch GET 200 https://registry.npmjs.org/lightningcss-darwin-x64 14ms (cache stale)
72 silly packumentCache full:https://registry.npmjs.org/lightningcss-darwin-x64 set size:78694 disposed:false
73 silly fetch manifest lightningcss-linux-x64-gnu@1.32.0
74 silly packumentCache full:https://registry.npmjs.org/lightningcss-linux-x64-gnu cache-miss
75 http fetch GET 200 https://registry.npmjs.org/lightningcss-linux-x64-gnu 10ms (cache stale)
76 silly packumentCache full:https://registry.npmjs.org/lightningcss-linux-x64-gnu set size:80105 disposed:false
77 silly fetch manifest lightningcss-win32-arm64-msvc@1.32.0
78 silly packumentCache full:https://registry.npmjs.org/lightningcss-win32-arm64-msvc cache-miss
79 http fetch GET 200 https://registry.npmjs.org/lightningcss-win32-arm64-msvc 10ms (cache stale)
80 silly packumentCache full:https://registry.npmjs.org/lightningcss-win32-arm64-msvc set size:26629 disposed:false
81 silly fetch manifest lightningcss-darwin-arm64@1.32.0
82 silly packumentCache full:https://registry.npmjs.org/lightningcss-darwin-arm64 cache-miss
83 http fetch GET 200 https://registry.npmjs.org/lightningcss-darwin-arm64 9ms (cache stale)
84 silly packumentCache full:https://registry.npmjs.org/lightningcss-darwin-arm64 set size:79276 disposed:false
85 silly fetch manifest lightningcss-linux-arm64-gnu@1.32.0
86 silly packumentCache full:https://registry.npmjs.org/lightningcss-linux-arm64-gnu cache-miss
87 http fetch GET 200 https://registry.npmjs.org/lightningcss-linux-arm64-gnu 9ms (cache stale)
88 silly packumentCache full:https://registry.npmjs.org/lightningcss-linux-arm64-gnu set size:80669 disposed:false
89 silly fetch manifest lightningcss-linux-arm-gnueabihf@1.32.0
90 silly packumentCache full:https://registry.npmjs.org/lightningcss-linux-arm-gnueabihf cache-miss
91 http fetch GET 200 https://registry.npmjs.org/lightningcss-linux-arm-gnueabihf 12ms (cache stale)
92 silly packumentCache full:https://registry.npmjs.org/lightningcss-linux-arm-gnueabihf set size:80903 disposed:false
93 silly fetch manifest lightningcss-linux-arm64-musl@1.32.0
94 silly packumentCache full:https://registry.npmjs.org/lightningcss-linux-arm64-musl cache-miss
95 http fetch GET 200 https://registry.npmjs.org/lightningcss-linux-arm64-musl 10ms (cache stale)
96 silly packumentCache full:https://registry.npmjs.org/lightningcss-linux-arm64-musl set size:80887 disposed:false
97 silly fetch manifest lightningcss-linux-x64-musl@1.32.0
98 silly packumentCache full:https://registry.npmjs.org/lightningcss-linux-x64-musl cache-miss
99 http fetch GET 200 https://registry.npmjs.org/lightningcss-linux-x64-musl 11ms (cache stale)
100 silly packumentCache full:https://registry.npmjs.org/lightningcss-linux-x64-musl set size:80313 disposed:false
101 silly fetch manifest lightningcss-freebsd-x64@1.32.0
102 silly packumentCache full:https://registry.npmjs.org/lightningcss-freebsd-x64 cache-miss
103 http fetch GET 200 https://registry.npmjs.org/lightningcss-freebsd-x64 14ms (cache stale)
104 silly packumentCache full:https://registry.npmjs.org/lightningcss-freebsd-x64 set size:42877 disposed:false
105 silly fetch manifest lightningcss-android-arm64@1.32.0
106 silly packumentCache full:https://registry.npmjs.org/lightningcss-android-arm64 cache-miss
107 http fetch GET 200 https://registry.npmjs.org/lightningcss-android-arm64 27ms (cache stale)
108 silly packumentCache full:https://registry.npmjs.org/lightningcss-android-arm64 set size:7671 disposed:false
109 silly placeDep ROOT lightningcss-android-arm64@1.32.0 OK for: lightningcss@1.32.0 want: 1.32.0
110 silly placeDep ROOT lightningcss-darwin-arm64@1.32.0 OK for: lightningcss@1.32.0 want: 1.32.0
111 silly placeDep ROOT lightningcss-darwin-x64@1.32.0 OK for: lightningcss@1.32.0 want: 1.32.0
112 silly placeDep ROOT lightningcss-freebsd-x64@1.32.0 OK for: lightningcss@1.32.0 want: 1.32.0
113 silly placeDep ROOT lightningcss-linux-arm-gnueabihf@1.32.0 OK for: lightningcss@1.32.0 want: 1.32.0
114 silly placeDep ROOT lightningcss-linux-arm64-gnu@1.32.0 OK for: lightningcss@1.32.0 want: 1.32.0
115 silly placeDep ROOT lightningcss-linux-arm64-musl@1.32.0 OK for: lightningcss@1.32.0 want: 1.32.0
116 silly placeDep ROOT lightningcss-linux-x64-gnu@1.32.0 OK for: lightningcss@1.32.0 want: 1.32.0
117 silly placeDep ROOT lightningcss-linux-x64-musl@1.32.0 OK for: lightningcss@1.32.0 want: 1.32.0
118 silly placeDep ROOT lightningcss-win32-arm64-msvc@1.32.0 OK for: lightningcss@1.32.0 want: 1.32.0
119 silly fetch manifest @next/swc-darwin-arm64@16.2.10
120 silly packumentCache full:https://registry.npmjs.org/@next%2fswc-darwin-arm64 cache-miss
121 http fetch GET 200 https://registry.npmjs.org/@next%2fswc-darwin-arm64 45ms (cache stale)
122 silly packumentCache full:https://registry.npmjs.org/@next%2fswc-darwin-arm64 set size:5387150 disposed:false
123 silly fetch manifest @next/swc-darwin-x64@16.2.10
124 silly packumentCache full:https://registry.npmjs.org/@next%2fswc-darwin-x64 cache-miss
125 http fetch GET 200 https://registry.npmjs.org/@next%2fswc-darwin-x64 61ms (cache stale)
126 silly packumentCache full:https://registry.npmjs.org/@next%2fswc-darwin-x64 set size:5329011 disposed:false
127 silly fetch manifest @next/swc-linux-arm64-gnu@16.2.10
128 silly packumentCache full:https://registry.npmjs.org/@next%2fswc-linux-arm64-gnu cache-miss
129 http fetch GET 200 https://registry.npmjs.org/@next%2fswc-linux-arm64-gnu 58ms (cache stale)
130 silly packumentCache full:https://registry.npmjs.org/@next%2fswc-linux-arm64-gnu set size:5241967 disposed:false
131 silly fetch manifest @next/swc-linux-arm64-musl@16.2.10
132 silly packumentCache full:https://registry.npmjs.org/@next%2fswc-linux-arm64-musl cache-miss
133 http fetch GET 200 https://registry.npmjs.org/@next%2fswc-linux-arm64-musl 55ms (cache stale)
134 silly packumentCache full:https://registry.npmjs.org/@next%2fswc-linux-arm64-musl set size:5260398 disposed:false
135 silly fetch manifest @next/swc-linux-x64-gnu@16.2.10
136 silly packumentCache full:https://registry.npmjs.org/@next%2fswc-linux-x64-gnu cache-miss
137 http fetch GET 200 https://registry.npmjs.org/@next%2fswc-linux-x64-gnu 46ms (cache stale)
138 silly packumentCache full:https://registry.npmjs.org/@next%2fswc-linux-x64-gnu set size:5438084 disposed:false
139 silly fetch manifest @next/swc-linux-x64-musl@16.2.10
140 silly packumentCache full:https://registry.npmjs.org/@next%2fswc-linux-x64-musl cache-miss
141 http fetch GET 200 https://registry.npmjs.org/@next%2fswc-linux-x64-musl 37ms (cache stale)
142 silly packumentCache full:https://registry.npmjs.org/@next%2fswc-linux-x64-musl set size:5194003 disposed:false
143 silly fetch manifest @next/swc-win32-arm64-msvc@16.2.10
144 silly packumentCache full:https://registry.npmjs.org/@next%2fswc-win32-arm64-msvc cache-miss
145 http fetch GET 200 https://registry.npmjs.org/@next%2fswc-win32-arm64-msvc 32ms (cache stale)
146 silly packumentCache full:https://registry.npmjs.org/@next%2fswc-win32-arm64-msvc set size:5223493 disposed:false
147 silly placeDep ROOT @next/swc-darwin-arm64@16.2.10 OK for: next@16.2.10 want: 16.2.10
148 silly placeDep ROOT @next/swc-darwin-x64@16.2.10 OK for: next@16.2.10 want: 16.2.10
149 silly placeDep ROOT @next/swc-linux-arm64-gnu@16.2.10 OK for: next@16.2.10 want: 16.2.10
150 silly placeDep ROOT @next/swc-linux-arm64-musl@16.2.10 OK for: next@16.2.10 want: 16.2.10
151 silly placeDep ROOT @next/swc-linux-x64-gnu@16.2.10 OK for: next@16.2.10 want: 16.2.10
152 silly placeDep ROOT @next/swc-linux-x64-musl@16.2.10 OK for: next@16.2.10 want: 16.2.10
153 silly placeDep ROOT @next/swc-win32-arm64-msvc@16.2.10 OK for: next@16.2.10 want: 16.2.10
154 silly fetch manifest @img/sharp-darwin-arm64@0.34.5
155 silly packumentCache full:https://registry.npmjs.org/@img%2fsharp-darwin-arm64 cache-miss
156 http fetch GET 200 https://registry.npmjs.org/@img%2fsharp-darwin-arm64 11ms (cache stale)
157 silly packumentCache full:https://registry.npmjs.org/@img%2fsharp-darwin-arm64 set size:105848 disposed:false
158 silly fetch manifest @img/sharp-darwin-x64@0.34.5
159 silly packumentCache full:https://registry.npmjs.org/@img%2fsharp-darwin-x64 cache-miss
160 http fetch GET 200 https://registry.npmjs.org/@img%2fsharp-darwin-x64 16ms (cache stale)
161 silly packumentCache full:https://registry.npmjs.org/@img%2fsharp-darwin-x64 set size:104467 disposed:false
162 silly fetch manifest @img/sharp-libvips-darwin-arm64@1.2.4
163 silly packumentCache full:https://registry.npmjs.org/@img%2fsharp-libvips-darwin-arm64 cache-miss
164 http fetch GET 200 https://registry.npmjs.org/@img%2fsharp-libvips-darwin-arm64 12ms (cache stale)
165 silly packumentCache full:https://registry.npmjs.org/@img%2fsharp-libvips-darwin-arm64 set size:83997 disposed:false
166 silly fetch manifest @img/sharp-libvips-darwin-x64@1.2.4
167 silly packumentCache full:https://registry.npmjs.org/@img%2fsharp-libvips-darwin-x64 cache-miss
168 http fetch GET 200 https://registry.npmjs.org/@img%2fsharp-libvips-darwin-x64 12ms (cache stale)
169 silly packumentCache full:https://registry.npmjs.org/@img%2fsharp-libvips-darwin-x64 set size:83096 disposed:false
170 silly fetch manifest @img/sharp-libvips-linux-arm@1.2.4
171 silly packumentCache full:https://registry.npmjs.org/@img%2fsharp-libvips-linux-arm cache-miss
172 http fetch GET 200 https://registry.npmjs.org/@img%2fsharp-libvips-linux-arm 10ms (cache stale)
173 silly packumentCache full:https://registry.npmjs.org/@img%2fsharp-libvips-linux-arm set size:90480 disposed:false
174 silly fetch manifest @img/sharp-libvips-linux-arm64@1.2.4
175 silly packumentCache full:https://registry.npmjs.org/@img%2fsharp-libvips-linux-arm64 cache-miss
176 http fetch GET 200 https://registry.npmjs.org/@img%2fsharp-libvips-linux-arm64 10ms (cache stale)
177 silly packumentCache full:https://registry.npmjs.org/@img%2fsharp-libvips-linux-arm64 set size:87554 disposed:false
178 silly fetch manifest @img/sharp-libvips-linux-ppc64@1.2.4
179 silly packumentCache full:https://registry.npmjs.org/@img%2fsharp-libvips-linux-ppc64 cache-miss
180 http fetch GET 200 https://registry.npmjs.org/@img%2fsharp-libvips-linux-ppc64 14ms (cache stale)
181 silly packumentCache full:https://registry.npmjs.org/@img%2fsharp-libvips-linux-ppc64 set size:72601 disposed:false
182 silly fetch manifest @img/sharp-libvips-linux-riscv64@1.2.4
183 silly packumentCache full:https://registry.npmjs.org/@img%2fsharp-libvips-linux-riscv64 cache-miss
184 http fetch GET 200 https://registry.npmjs.org/@img%2fsharp-libvips-linux-riscv64 16ms (cache stale)
185 silly packumentCache full:https://registry.npmjs.org/@img%2fsharp-libvips-linux-riscv64 set size:58803 disposed:false
186 silly fetch manifest @img/sharp-libvips-linux-s390x@1.2.4
187 silly packumentCache full:https://registry.npmjs.org/@img%2fsharp-libvips-linux-s390x cache-miss
188 http fetch GET 200 https://registry.npmjs.org/@img%2fsharp-libvips-linux-s390x 14ms (cache stale)
189 silly packumentCache full:https://registry.npmjs.org/@img%2fsharp-libvips-linux-s390x set size:81565 disposed:false
190 silly fetch manifest @img/sharp-libvips-linux-x64@1.2.4
191 silly packumentCache full:https://registry.npmjs.org/@img%2fsharp-libvips-linux-x64 cache-miss
192 http fetch GET 200 https://registry.npmjs.org/@img%2fsharp-libvips-linux-x64 21ms (cache stale)
193 silly packumentCache full:https://registry.npmjs.org/@img%2fsharp-libvips-linux-x64 set size:86327 disposed:false
194 silly fetch manifest @img/sharp-libvips-linuxmusl-arm64@1.2.4
195 silly packumentCache full:https://registry.npmjs.org/@img%2fsharp-libvips-linuxmusl-arm64 cache-miss
196 http fetch GET 200 https://registry.npmjs.org/@img%2fsharp-libvips-linuxmusl-arm64 17ms (cache stale)
197 silly packumentCache full:https://registry.npmjs.org/@img%2fsharp-libvips-linuxmusl-arm64 set size:86720 disposed:false
198 silly fetch manifest @img/sharp-libvips-linuxmusl-x64@1.2.4
199 silly packumentCache full:https://registry.npmjs.org/@img%2fsharp-libvips-linuxmusl-x64 cache-miss
200 http fetch GET 200 https://registry.npmjs.org/@img%2fsharp-libvips-linuxmusl-x64 15ms (cache stale)
201 silly packumentCache full:https://registry.npmjs.org/@img%2fsharp-libvips-linuxmusl-x64 set size:83650 disposed:false
202 silly fetch manifest @img/sharp-linux-arm@0.34.5
203 silly packumentCache full:https://registry.npmjs.org/@img%2fsharp-linux-arm cache-miss
204 http fetch GET 200 https://registry.npmjs.org/@img%2fsharp-linux-arm 15ms (cache stale)
205 silly packumentCache full:https://registry.npmjs.org/@img%2fsharp-linux-arm set size:102715 disposed:false
206 silly fetch manifest @img/sharp-linux-arm64@0.34.5
207 silly packumentCache full:https://registry.npmjs.org/@img%2fsharp-linux-arm64 cache-miss
208 http fetch GET 200 https://registry.npmjs.org/@img%2fsharp-linux-arm64 12ms (cache stale)
209 silly packumentCache full:https://registry.npmjs.org/@img%2fsharp-linux-arm64 set size:103552 disposed:false
210 silly fetch manifest @img/sharp-linux-ppc64@0.34.5
211 silly packumentCache full:https://registry.npmjs.org/@img%2fsharp-linux-ppc64 cache-miss
212 http fetch GET 200 https://registry.npmjs.org/@img%2fsharp-linux-ppc64 17ms (cache stale)
213 silly packumentCache full:https://registry.npmjs.org/@img%2fsharp-linux-ppc64 set size:68168 disposed:false
214 silly fetch manifest @img/sharp-linux-riscv64@0.34.5
215 silly packumentCache full:https://registry.npmjs.org/@img%2fsharp-linux-riscv64 cache-miss
216 http fetch GET 200 https://registry.npmjs.org/@img%2fsharp-linux-riscv64 23ms (cache stale)
217 silly packumentCache full:https://registry.npmjs.org/@img%2fsharp-linux-riscv64 set size:45681 disposed:false
218 silly fetch manifest @img/sharp-linux-s390x@0.34.5
219 silly packumentCache full:https://registry.npmjs.org/@img%2fsharp-linux-s390x cache-miss
220 http fetch GET 200 https://registry.npmjs.org/@img%2fsharp-linux-s390x 12ms (cache stale)
221 silly packumentCache full:https://registry.npmjs.org/@img%2fsharp-linux-s390x set size:101430 disposed:false
222 silly fetch manifest @img/sharp-linux-x64@0.34.5
223 silly packumentCache full:https://registry.npmjs.org/@img%2fsharp-linux-x64 cache-miss
224 http fetch GET 200 https://registry.npmjs.org/@img%2fsharp-linux-x64 13ms (cache stale)
225 silly packumentCache full:https://registry.npmjs.org/@img%2fsharp-linux-x64 set size:102218 disposed:false
226 silly fetch manifest @img/sharp-linuxmusl-arm64@0.34.5
227 silly packumentCache full:https://registry.npmjs.org/@img%2fsharp-linuxmusl-arm64 cache-miss
228 http fetch GET 200 https://registry.npmjs.org/@img%2fsharp-linuxmusl-arm64 14ms (cache stale)
229 silly packumentCache full:https://registry.npmjs.org/@img%2fsharp-linuxmusl-arm64 set size:105157 disposed:false
230 silly fetch manifest @img/sharp-linuxmusl-x64@0.34.5
231 silly packumentCache full:https://registry.npmjs.org/@img%2fsharp-linuxmusl-x64 cache-miss
232 http fetch GET 200 https://registry.npmjs.org/@img%2fsharp-linuxmusl-x64 10ms (cache stale)
233 silly packumentCache full:https://registry.npmjs.org/@img%2fsharp-linuxmusl-x64 set size:103818 disposed:false
234 silly fetch manifest @img/sharp-wasm32@0.34.5
235 silly packumentCache full:https://registry.npmjs.org/@img%2fsharp-wasm32 cache-miss
236 http fetch GET 200 https://registry.npmjs.org/@img%2fsharp-wasm32 13ms (cache stale)
237 silly packumentCache full:https://registry.npmjs.org/@img%2fsharp-wasm32 set size:99309 disposed:false
238 silly fetch manifest @img/sharp-win32-arm64@0.34.5
239 silly packumentCache full:https://registry.npmjs.org/@img%2fsharp-win32-arm64 cache-miss
240 http fetch GET 200 https://registry.npmjs.org/@img%2fsharp-win32-arm64 13ms (cache stale)
241 silly packumentCache full:https://registry.npmjs.org/@img%2fsharp-win32-arm64 set size:63462 disposed:false
242 silly fetch manifest @img/sharp-win32-ia32@0.34.5
243 silly packumentCache full:https://registry.npmjs.org/@img%2fsharp-win32-ia32 cache-miss
244 http fetch GET 200 https://registry.npmjs.org/@img%2fsharp-win32-ia32 13ms (cache stale)
245 silly packumentCache full:https://registry.npmjs.org/@img%2fsharp-win32-ia32 set size:104482 disposed:false
246 silly placeDep ROOT @img/sharp-darwin-arm64@0.34.5 OK for: sharp@0.34.5 want: 0.34.5
247 silly placeDep ROOT @img/sharp-darwin-x64@0.34.5 OK for: sharp@0.34.5 want: 0.34.5
248 silly placeDep ROOT @img/sharp-libvips-darwin-arm64@1.2.4 OK for: sharp@0.34.5 want: 1.2.4
249 silly placeDep ROOT @img/sharp-libvips-darwin-x64@1.2.4 OK for: sharp@0.34.5 want: 1.2.4
250 silly placeDep ROOT @img/sharp-libvips-linux-arm@1.2.4 OK for: sharp@0.34.5 want: 1.2.4
251 silly placeDep ROOT @img/sharp-libvips-linux-arm64@1.2.4 OK for: sharp@0.34.5 want: 1.2.4
252 silly placeDep ROOT @img/sharp-libvips-linux-ppc64@1.2.4 OK for: sharp@0.34.5 want: 1.2.4
253 silly placeDep ROOT @img/sharp-libvips-linux-riscv64@1.2.4 OK for: sharp@0.34.5 want: 1.2.4
254 silly placeDep ROOT @img/sharp-libvips-linux-s390x@1.2.4 OK for: sharp@0.34.5 want: 1.2.4
255 silly placeDep ROOT @img/sharp-libvips-linux-x64@1.2.4 OK for: sharp@0.34.5 want: 1.2.4
256 silly placeDep ROOT @img/sharp-libvips-linuxmusl-arm64@1.2.4 OK for: sharp@0.34.5 want: 1.2.4
257 silly placeDep ROOT @img/sharp-libvips-linuxmusl-x64@1.2.4 OK for: sharp@0.34.5 want: 1.2.4
258 silly placeDep ROOT @img/sharp-linux-arm@0.34.5 OK for: sharp@0.34.5 want: 0.34.5
259 silly placeDep ROOT @img/sharp-linux-arm64@0.34.5 OK for: sharp@0.34.5 want: 0.34.5
260 silly placeDep ROOT @img/sharp-linux-ppc64@0.34.5 OK for: sharp@0.34.5 want: 0.34.5
261 silly placeDep ROOT @img/sharp-linux-riscv64@0.34.5 OK for: sharp@0.34.5 want: 0.34.5
262 silly placeDep ROOT @img/sharp-linux-s390x@0.34.5 OK for: sharp@0.34.5 want: 0.34.5
263 silly placeDep ROOT @img/sharp-linux-x64@0.34.5 OK for: sharp@0.34.5 want: 0.34.5
264 silly placeDep ROOT @img/sharp-linuxmusl-arm64@0.34.5 OK for: sharp@0.34.5 want: 0.34.5
265 silly placeDep ROOT @img/sharp-linuxmusl-x64@0.34.5 OK for: sharp@0.34.5 want: 0.34.5
266 silly placeDep ROOT @img/sharp-wasm32@0.34.5 OK for: sharp@0.34.5 want: 0.34.5
267 silly placeDep ROOT @img/sharp-win32-arm64@0.34.5 OK for: sharp@0.34.5 want: 0.34.5
268 silly placeDep ROOT @img/sharp-win32-ia32@0.34.5 OK for: sharp@0.34.5 want: 0.34.5
269 silly fetch manifest @unrs/resolver-binding-darwin-arm64@1.12.2
270 silly packumentCache full:https://registry.npmjs.org/@unrs%2fresolver-binding-darwin-arm64 cache-miss
271 http fetch GET 200 https://registry.npmjs.org/@unrs%2fresolver-binding-darwin-arm64 24ms (cache stale)
272 silly packumentCache full:https://registry.npmjs.org/@unrs%2fresolver-binding-darwin-arm64 set size:63676 disposed:false
273 silly fetch manifest @unrs/resolver-binding-android-arm64@1.12.2
274 silly packumentCache full:https://registry.npmjs.org/@unrs%2fresolver-binding-android-arm64 cache-miss
275 http fetch GET 200 https://registry.npmjs.org/@unrs%2fresolver-binding-android-arm64 16ms (cache stale)
276 silly packumentCache full:https://registry.npmjs.org/@unrs%2fresolver-binding-android-arm64 set size:17616 disposed:false
277 silly fetch manifest @unrs/resolver-binding-win32-arm64-msvc@1.12.2
278 silly packumentCache full:https://registry.npmjs.org/@unrs%2fresolver-binding-win32-arm64-msvc cache-miss
279 http fetch GET 200 https://registry.npmjs.org/@unrs%2fresolver-binding-win32-arm64-msvc 12ms (cache stale)
280 silly packumentCache full:https://registry.npmjs.org/@unrs%2fresolver-binding-win32-arm64-msvc set size:64613 disposed:false
281 silly fetch manifest @unrs/resolver-binding-linux-arm64-gnu@1.12.2
282 silly packumentCache full:https://registry.npmjs.org/@unrs%2fresolver-binding-linux-arm64-gnu cache-miss
283 http fetch GET 200 https://registry.npmjs.org/@unrs%2fresolver-binding-linux-arm64-gnu 10ms (cache stale)
284 silly packumentCache full:https://registry.npmjs.org/@unrs%2fresolver-binding-linux-arm64-gnu set size:65047 disposed:false
285 silly fetch manifest @unrs/resolver-binding-linux-arm64-musl@1.12.2
286 silly packumentCache full:https://registry.npmjs.org/@unrs%2fresolver-binding-linux-arm64-musl cache-miss
287 http fetch GET 200 https://registry.npmjs.org/@unrs%2fresolver-binding-linux-arm64-musl 11ms (cache stale)
288 silly packumentCache full:https://registry.npmjs.org/@unrs%2fresolver-binding-linux-arm64-musl set size:65257 disposed:false
289 silly fetch manifest @unrs/resolver-binding-openharmony-arm64@1.12.2
290 silly packumentCache full:https://registry.npmjs.org/@unrs%2fresolver-binding-openharmony-arm64 cache-miss
291 http fetch GET 200 https://registry.npmjs.org/@unrs%2fresolver-binding-openharmony-arm64 22ms (cache stale)
292 silly packumentCache full:https://registry.npmjs.org/@unrs%2fresolver-binding-openharmony-arm64 set size:7350 disposed:false
293 silly fetch manifest @unrs/resolver-binding-android-arm-eabi@1.12.2
294 silly packumentCache full:https://registry.npmjs.org/@unrs%2fresolver-binding-android-arm-eabi cache-miss
295 http fetch GET 200 https://registry.npmjs.org/@unrs%2fresolver-binding-android-arm-eabi 24ms (cache stale)
296 silly packumentCache full:https://registry.npmjs.org/@unrs%2fresolver-binding-android-arm-eabi set size:17797 disposed:false
297 silly fetch manifest @unrs/resolver-binding-linux-arm-gnueabihf@1.12.2
298 silly packumentCache full:https://registry.npmjs.org/@unrs%2fresolver-binding-linux-arm-gnueabihf cache-miss
299 http fetch GET 200 https://registry.npmjs.org/@unrs%2fresolver-binding-linux-arm-gnueabihf 34ms (cache stale)
300 silly packumentCache full:https://registry.npmjs.org/@unrs%2fresolver-binding-linux-arm-gnueabihf set size:65279 disposed:false
301 silly fetch manifest @unrs/resolver-binding-linux-arm-musleabihf@1.12.2
302 silly packumentCache full:https://registry.npmjs.org/@unrs%2fresolver-binding-linux-arm-musleabihf cache-miss
303 http fetch GET 200 https://registry.npmjs.org/@unrs%2fresolver-binding-linux-arm-musleabihf 11ms (cache stale)
304 silly packumentCache full:https://registry.npmjs.org/@unrs%2fresolver-binding-linux-arm-musleabihf set size:65533 disposed:false
305 silly fetch manifest @unrs/resolver-binding-win32-ia32-msvc@1.12.2
306 silly packumentCache full:https://registry.npmjs.org/@unrs%2fresolver-binding-win32-ia32-msvc cache-miss
307 http fetch GET 200 https://registry.npmjs.org/@unrs%2fresolver-binding-win32-ia32-msvc 9ms (cache stale)
308 silly packumentCache full:https://registry.npmjs.org/@unrs%2fresolver-binding-win32-ia32-msvc set size:64317 disposed:false
309 silly fetch manifest @unrs/resolver-binding-linux-loong64-gnu@1.12.2
310 silly packumentCache full:https://registry.npmjs.org/@unrs%2fresolver-binding-linux-loong64-gnu cache-miss
311 http fetch GET 200 https://registry.npmjs.org/@unrs%2fresolver-binding-linux-loong64-gnu 9ms (cache stale)
312 silly packumentCache full:https://registry.npmjs.org/@unrs%2fresolver-binding-linux-loong64-gnu set size:4107 disposed:false
313 silly fetch manifest @unrs/resolver-binding-linux-loong64-musl@1.12.2
314 silly packumentCache full:https://registry.npmjs.org/@unrs%2fresolver-binding-linux-loong64-musl cache-miss
315 http fetch GET 200 https://registry.npmjs.org/@unrs%2fresolver-binding-linux-loong64-musl 9ms (cache stale)
316 silly packumentCache full:https://registry.npmjs.org/@unrs%2fresolver-binding-linux-loong64-musl set size:4124 disposed:false
317 silly fetch manifest @unrs/resolver-binding-linux-ppc64-gnu@1.12.2
318 silly packumentCache full:https://registry.npmjs.org/@unrs%2fresolver-binding-linux-ppc64-gnu cache-miss
319 http fetch GET 200 https://registry.npmjs.org/@unrs%2fresolver-binding-linux-ppc64-gnu 13ms (cache stale)
320 silly packumentCache full:https://registry.npmjs.org/@unrs%2fresolver-binding-linux-ppc64-gnu set size:65057 disposed:false
321 silly fetch manifest @unrs/resolver-binding-linux-riscv64-gnu@1.12.2
322 silly packumentCache full:https://registry.npmjs.org/@unrs%2fresolver-binding-linux-riscv64-gnu cache-miss
323 http fetch GET 200 https://registry.npmjs.org/@unrs%2fresolver-binding-linux-riscv64-gnu 13ms (cache stale)
324 silly packumentCache full:https://registry.npmjs.org/@unrs%2fresolver-binding-linux-riscv64-gnu set size:56387 disposed:false
325 silly fetch manifest @unrs/resolver-binding-linux-riscv64-musl@1.12.2
326 silly packumentCache full:https://registry.npmjs.org/@unrs%2fresolver-binding-linux-riscv64-musl cache-miss
327 http fetch GET 200 https://registry.npmjs.org/@unrs%2fresolver-binding-linux-riscv64-musl 11ms (cache stale)
328 silly packumentCache full:https://registry.npmjs.org/@unrs%2fresolver-binding-linux-riscv64-musl set size:45710 disposed:false
329 silly fetch manifest @unrs/resolver-binding-linux-s390x-gnu@1.12.2
330 silly packumentCache full:https://registry.npmjs.org/@unrs%2fresolver-binding-linux-s390x-gnu cache-miss
331 http fetch GET 200 https://registry.npmjs.org/@unrs%2fresolver-binding-linux-s390x-gnu 11ms (cache stale)
332 silly packumentCache full:https://registry.npmjs.org/@unrs%2fresolver-binding-linux-s390x-gnu set size:65047 disposed:false
333 silly fetch manifest @unrs/resolver-binding-wasm32-wasi@1.12.2
334 silly packumentCache full:https://registry.npmjs.org/@unrs%2fresolver-binding-wasm32-wasi cache-miss
335 http fetch GET 200 https://registry.npmjs.org/@unrs%2fresolver-binding-wasm32-wasi 12ms (cache stale)
336 silly packumentCache full:https://registry.npmjs.org/@unrs%2fresolver-binding-wasm32-wasi set size:67358 disposed:false
337 silly fetch manifest @unrs/resolver-binding-darwin-x64@1.12.2
338 silly packumentCache full:https://registry.npmjs.org/@unrs%2fresolver-binding-darwin-x64 cache-miss
339 http fetch GET 200 https://registry.npmjs.org/@unrs%2fresolver-binding-darwin-x64 10ms (cache stale)
340 silly packumentCache full:https://registry.npmjs.org/@unrs%2fresolver-binding-darwin-x64 set size:63092 disposed:false
341 silly fetch manifest @unrs/resolver-binding-freebsd-x64@1.12.2
342 silly packumentCache full:https://registry.npmjs.org/@unrs%2fresolver-binding-freebsd-x64 cache-miss
343 http fetch GET 200 https://registry.npmjs.org/@unrs%2fresolver-binding-freebsd-x64 11ms (cache stale)
344 silly packumentCache full:https://registry.npmjs.org/@unrs%2fresolver-binding-freebsd-x64 set size:63388 disposed:false
345 silly fetch manifest @unrs/resolver-binding-linux-x64-gnu@1.12.2
346 silly packumentCache full:https://registry.npmjs.org/@unrs%2fresolver-binding-linux-x64-gnu cache-miss
347 http fetch GET 200 https://registry.npmjs.org/@unrs%2fresolver-binding-linux-x64-gnu 10ms (cache stale)
348 silly packumentCache full:https://registry.npmjs.org/@unrs%2fresolver-binding-linux-x64-gnu set size:64469 disposed:false
349 silly fetch manifest @unrs/resolver-binding-linux-x64-musl@1.12.2
350 silly packumentCache full:https://registry.npmjs.org/@unrs%2fresolver-binding-linux-x64-musl cache-miss
351 http fetch GET 200 https://registry.npmjs.org/@unrs%2fresolver-binding-linux-x64-musl 13ms (cache stale)
352 silly packumentCache full:https://registry.npmjs.org/@unrs%2fresolver-binding-linux-x64-musl set size:64685 disposed:false
353 silly placeDep ROOT @unrs/resolver-binding-android-arm-eabi@1.12.2 OK for: unrs-resolver@1.12.2 want: 1.12.2
354 silly placeDep ROOT @unrs/resolver-binding-android-arm64@1.12.2 OK for: unrs-resolver@1.12.2 want: 1.12.2
355 silly placeDep ROOT @unrs/resolver-binding-darwin-arm64@1.12.2 OK for: unrs-resolver@1.12.2 want: 1.12.2
356 silly placeDep ROOT @unrs/resolver-binding-darwin-x64@1.12.2 OK for: unrs-resolver@1.12.2 want: 1.12.2
357 silly placeDep ROOT @unrs/resolver-binding-freebsd-x64@1.12.2 OK for: unrs-resolver@1.12.2 want: 1.12.2
358 silly placeDep ROOT @unrs/resolver-binding-linux-arm-gnueabihf@1.12.2 OK for: unrs-resolver@1.12.2 want: 1.12.2
359 silly placeDep ROOT @unrs/resolver-binding-linux-arm-musleabihf@1.12.2 OK for: unrs-resolver@1.12.2 want: 1.12.2
360 silly placeDep ROOT @unrs/resolver-binding-linux-arm64-gnu@1.12.2 OK for: unrs-resolver@1.12.2 want: 1.12.2
361 silly placeDep ROOT @unrs/resolver-binding-linux-arm64-musl@1.12.2 OK for: unrs-resolver@1.12.2 want: 1.12.2
362 silly placeDep ROOT @unrs/resolver-binding-linux-loong64-gnu@1.12.2 OK for: unrs-resolver@1.12.2 want: 1.12.2
363 silly placeDep ROOT @unrs/resolver-binding-linux-loong64-musl@1.12.2 OK for: unrs-resolver@1.12.2 want: 1.12.2
364 silly placeDep ROOT @unrs/resolver-binding-linux-ppc64-gnu@1.12.2 OK for: unrs-resolver@1.12.2 want: 1.12.2
365 silly placeDep ROOT @unrs/resolver-binding-linux-riscv64-gnu@1.12.2 OK for: unrs-resolver@1.12.2 want: 1.12.2
366 silly placeDep ROOT @unrs/resolver-binding-linux-riscv64-musl@1.12.2 OK for: unrs-resolver@1.12.2 want: 1.12.2
367 silly placeDep ROOT @unrs/resolver-binding-linux-s390x-gnu@1.12.2 OK for: unrs-resolver@1.12.2 want: 1.12.2
368 silly placeDep ROOT @unrs/resolver-binding-linux-x64-gnu@1.12.2 OK for: unrs-resolver@1.12.2 want: 1.12.2
369 silly placeDep ROOT @unrs/resolver-binding-linux-x64-musl@1.12.2 OK for: unrs-resolver@1.12.2 want: 1.12.2
370 silly placeDep ROOT @unrs/resolver-binding-openharmony-arm64@1.12.2 OK for: unrs-resolver@1.12.2 want: 1.12.2
371 silly placeDep ROOT @unrs/resolver-binding-wasm32-wasi@1.12.2 OK for: unrs-resolver@1.12.2 want: 1.12.2
372 silly placeDep ROOT @unrs/resolver-binding-win32-arm64-msvc@1.12.2 OK for: unrs-resolver@1.12.2 want: 1.12.2
373 silly placeDep ROOT @unrs/resolver-binding-win32-ia32-msvc@1.12.2 OK for: unrs-resolver@1.12.2 want: 1.12.2
374 silly fetch manifest @emnapi/runtime@1.10.0
375 silly packumentCache full:https://registry.npmjs.org/@emnapi%2fruntime cache-miss
376 http fetch GET 200 https://registry.npmjs.org/@emnapi%2fruntime 14ms (cache stale)
377 silly packumentCache full:https://registry.npmjs.org/@emnapi%2fruntime set size:118526 disposed:false
378 silly placeDep node_modules/@unrs/resolver-binding-wasm32-wasi @emnapi/runtime@1.10.0 OK for: @unrs/resolver-binding-wasm32-wasi@1.12.2 want: 1.10.0
379 silly reify mark retired [
379 silly reify   'C:\\Users\\Eric\\Documents\\New project\\loan-portal\\node_modules\\giget',
379 silly reify   'C:\\Users\\Eric\\Documents\\New project\\loan-portal\\node_modules\\.bin\\giget',
379 silly reify   'C:\\Users\\Eric\\Documents\\New project\\loan-portal\\node_modules\\.bin\\giget.cmd',
379 silly reify   'C:\\Users\\Eric\\Documents\\New project\\loan-portal\\node_modules\\.bin\\giget.ps1'
379 silly reify ]
380 silly reify mark retired [
380 silly reify   'C:\\Users\\Eric\\Documents\\New project\\loan-portal\\node_modules\\next',
380 silly reify   'C:\\Users\\Eric\\Documents\\New project\\loan-portal\\node_modules\\.bin\\next',
380 silly reify   'C:\\Users\\Eric\\Documents\\New project\\loan-portal\\node_modules\\.bin\\next.cmd',
380 silly reify   'C:\\Users\\Eric\\Documents\\New project\\loan-portal\\node_modules\\.bin\\next.ps1'
380 silly reify ]
381 silly reify mark retired [
381 silly reify   'C:\\Users\\Eric\\Documents\\New project\\loan-portal\\node_modules\\prisma',
381 silly reify   'C:\\Users\\Eric\\Documents\\New project\\loan-portal\\node_modules\\.bin\\prisma',
381 silly reify   'C:\\Users\\Eric\\Documents\\New project\\loan-portal\\node_modules\\.bin\\prisma.cmd',
381 silly reify   'C:\\Users\\Eric\\Documents\\New project\\loan-portal\\node_modules\\.bin\\prisma.ps1'
381 silly reify ]
382 silly reify mark retired [
382 silly reify   'C:\\Users\\Eric\\Documents\\New project\\loan-portal\\node_modules\\@electric-sql\\pglite-socket',
382 silly reify   'C:\\Users\\Eric\\Documents\\New project\\loan-portal\\node_modules\\.bin\\pglite-server',
382 silly reify   'C:\\Users\\Eric\\Documents\\New project\\loan-portal\\node_modules\\.bin\\pglite-server.cmd',
382 silly reify   'C:\\Users\\Eric\\Documents\\New project\\loan-portal\\node_modules\\.bin\\pglite-server.ps1'
382 silly reify ]
383 silly reify mark retired [
383 silly reify   'C:\\Users\\Eric\\Documents\\New project\\loan-portal\\node_modules\\@emnapi\\core'
383 silly reify ]
384 silly reify mark retired [
384 silly reify   'C:\\Users\\Eric\\Documents\\New project\\loan-portal\\node_modules\\@emnapi\\runtime'
384 silly reify ]
385 silly reify mark retired [
385 silly reify   'C:\\Users\\Eric\\Documents\\New project\\loan-portal\\node_modules\\@emnapi\\wasi-threads'
385 silly reify ]
386 silly reify moves {
386 silly reify   'C:\\Users\\Eric\\Documents\\New project\\loan-portal\\node_modules\\giget': 'C:\\Users\\Eric\\Documents\\New project\\loan-portal\\node_modules\\.giget-M78lyFIl',
386 silly reify   'C:\\Users\\Eric\\Documents\\New project\\loan-portal\\node_modules\\.bin\\giget': 'C:\\Users\\Eric\\Documents\\New project\\loan-portal\\node_modules\\.bin\\.giget-iLWEFTNm',
386 silly reify   'C:\\Users\\Eric\\Documents\\New project\\loan-portal\\node_modules\\.bin\\giget.cmd': 'C:\\Users\\Eric\\Documents\\New project\\loan-portal\\node_modules\\.bin\\.giget.cmd-VOvSgHG1',
386 silly reify   'C:\\Users\\Eric\\Documents\\New project\\loan-portal\\node_modules\\.bin\\giget.ps1': 'C:\\Users\\Eric\\Documents\\New project\\loan-portal\\node_modules\\.bin\\.giget.ps1-FqG3V6GI',
386 silly reify   'C:\\Users\\Eric\\Documents\\New project\\loan-portal\\node_modules\\next': 'C:\\Users\\Eric\\Documents\\New project\\loan-portal\\node_modules\\.next-oYE0xwVV',
386 silly reify   'C:\\Users\\Eric\\Documents\\New project\\loan-portal\\node_modules\\.bin\\next': 'C:\\Users\\Eric\\Documents\\New project\\loan-portal\\node_modules\\.bin\\.next-IatmcKx9',
386 silly reify   'C:\\Users\\Eric\\Documents\\New project\\loan-portal\\node_modules\\.bin\\next.cmd': 'C:\\Users\\Eric\\Documents\\New project\\loan-portal\\node_modules\\.bin\\.next.cmd-SkNbxz2Q',
386 silly reify   'C:\\Users\\Eric\\Documents\\New project\\loan-portal\\node_modules\\.bin\\next.ps1': 'C:\\Users\\Eric\\Documents\\New project\\loan-portal\\node_modules\\.bin\\.next.ps1-obfjPjNu',
386 silly reify   'C:\\Users\\Eric\\Documents\\New project\\loan-portal\\node_modules\\prisma': 'C:\\Users\\Eric\\Documents\\New project\\loan-portal\\node_modules\\.prisma-cUgxNJqh',
386 silly reify   'C:\\Users\\Eric\\Documents\\New project\\loan-portal\\node_modules\\.bin\\prisma': 'C:\\Users\\Eric\\Documents\\New project\\loan-portal\\node_modules\\.bin\\.prisma-G6Y0oiMQ',
386 silly reify   'C:\\Users\\Eric\\Documents\\New project\\loan-portal\\node_modules\\.bin\\prisma.cmd': 'C:\\Users\\Eric\\Documents\\New project\\loan-portal\\node_modules\\.bin\\.prisma.cmd-5KK4PNxa',
386 silly reify   'C:\\Users\\Eric\\Documents\\New project\\loan-portal\\node_modules\\.bin\\prisma.ps1': 'C:\\Users\\Eric\\Documents\\New project\\loan-portal\\node_modules\\.bin\\.prisma.ps1-4byIFicv',
386 silly reify   'C:\\Users\\Eric\\Documents\\New project\\loan-portal\\node_modules\\@electric-sql\\pglite-socket': 'C:\\Users\\Eric\\Documents\\New project\\loan-portal\\node_modules\\@electric-sql\\.pglite-socket-6fakUoiv',
386 silly reify   'C:\\Users\\Eric\\Documents\\New project\\loan-portal\\node_modules\\.bin\\pglite-server': 'C:\\Users\\Eric\\Documents\\New project\\loan-portal\\node_modules\\.bin\\.pglite-server-rT1o3vuw',
386 silly reify   'C:\\Users\\Eric\\Documents\\New project\\loan-portal\\node_modules\\.bin\\pglite-server.cmd': 'C:\\Users\\Eric\\Documents\\New project\\loan-portal\\node_modules\\.bin\\.pglite-server.cmd-nnl7bO5O',
386 silly reify   'C:\\Users\\Eric\\Documents\\New project\\loan-portal\\node_modules\\.bin\\pglite-server.ps1': 'C:\\Users\\Eric\\Documents\\New project\\loan-portal\\node_modules\\.bin\\.pglite-server.ps1-SdVTZU84',
386 silly reify   'C:\\Users\\Eric\\Documents\\New project\\loan-portal\\node_modules\\@emnapi\\core': 'C:\\Users\\Eric\\Documents\\New project\\loan-portal\\node_modules\\@emnapi\\.core-HvZTv61k',
386 silly reify   'C:\\Users\\Eric\\Documents\\New project\\loan-portal\\node_modules\\@emnapi\\runtime': 'C:\\Users\\Eric\\Documents\\New project\\loan-portal\\node_modules\\@emnapi\\.runtime-UIxqgeAe',
386 silly reify   'C:\\Users\\Eric\\Documents\\New project\\loan-portal\\node_modules\\@emnapi\\wasi-threads': 'C:\\Users\\Eric\\Documents\\New project\\loan-portal\\node_modules\\@emnapi\\.wasi-threads-0mi0EDLw'
386 silly reify }
387 silly packumentCache corgi:https://registry.npmjs.org/@electric-sql%2fpglite-socket cache-miss
388 silly packumentCache corgi:https://registry.npmjs.org/prisma cache-miss
389 silly packumentCache corgi:https://registry.npmjs.org/next cache-miss
390 silly packumentCache corgi:https://registry.npmjs.org/giget cache-miss
391 http fetch GET 200 https://registry.npmjs.org/@electric-sql%2fpglite-socket 21ms (cache stale)
392 silly packumentCache corgi:https://registry.npmjs.org/@electric-sql%2fpglite-socket set size:39866 disposed:false
393 http fetch GET 200 https://registry.npmjs.org/giget 35ms (cache stale)
394 silly packumentCache corgi:https://registry.npmjs.org/giget set size:45077 disposed:false
395 http fetch GET 200 https://registry.npmjs.org/prisma 153ms (cache stale)
396 silly packumentCache corgi:https://registry.npmjs.org/prisma set size:22840167 disposed:false
397 http fetch GET 200 https://registry.npmjs.org/next 497ms (cache stale)
398 silly packumentCache corgi:https://registry.npmjs.org/next set size:25348298 disposed:false
399 http fetch GET 200 https://registry.npmjs.org/@electric-sql/pglite-socket/-/pglite-socket-0.1.1.tgz 1050ms (cache stale)
400 http cache https://registry.npmjs.org/giget/-/giget-3.3.0.tgz 1123ms (cache hit)
401 http cache https://registry.npmjs.org/prisma/-/prisma-7.8.0.tgz 1288ms (cache hit)
402 http fetch GET 200 https://registry.npmjs.org/next/-/next-16.2.10.tgz 98813ms (cache miss)
403 info run prisma@7.8.0 preinstall node_modules/prisma node scripts/preinstall-entry.js
404 info run prisma@7.8.0 preinstall { code: 0, signal: null }
405 silly REMOVE node_modules/@emnapi/wasi-threads
406 silly REMOVE node_modules/@emnapi/runtime
407 silly REMOVE node_modules/@emnapi/core
408 silly CHANGE node_modules/@electric-sql/pglite-socket
409 silly CHANGE node_modules/prisma
410 silly CHANGE node_modules/next
411 silly CHANGE node_modules/giget
412 verbose cwd C:\Users\Eric\Documents\New project\loan-portal
413 verbose os Windows_NT 10.0.26200
414 verbose node v24.12.0
415 verbose npm  v11.6.2
416 verbose exit 0
417 info ok
