0 verbose cli C:\Program Files\nodejs\node.exe C:\Program Files\nodejs\node_modules\npm\bin\npm-cli.js
1 info using npm@11.6.2
2 info using node@v24.12.0
3 silly config load:file:C:\Program Files\nodejs\node_modules\npm\npmrc
4 silly config load:file:C:\Users\Eric\Documents\New project\loan-portal\.npmrc
5 silly config load:file:C:\Users\Eric\.npmrc
6 silly config load:file:C:\Users\Eric\AppData\Roaming\npm\etc\npmrc
7 verbose title npm install
8 verbose argv "install" "--no-audit" "--no-fund" "--progress" "false" "--cache" ".\\.npm-cache"
9 verbose logfile logs-max:10 dir:C:\Users\Eric\Documents\New project\loan-portal\.npm-cache\_logs\2026-07-04T13_25_34_220Z-
10 verbose logfile C:\Users\Eric\Documents\New project\loan-portal\.npm-cache\_logs\2026-07-04T13_25_34_220Z-debug-0.log
11 silly logfile done cleaning log files
12 silly packumentCache heap:2348810240 maxSize:587202560 maxEntrySize:293601280
13 silly idealTree buildDeps
14 silly fetch manifest @tailwindcss/oxide-android-arm64@4.3.2
15 silly packumentCache full:https://registry.npmjs.org/@tailwindcss%2foxide-android-arm64 cache-miss
16 http fetch GET 200 https://registry.npmjs.org/@tailwindcss%2foxide-android-arm64 1815ms (cache miss)
17 silly packumentCache full:https://registry.npmjs.org/@tailwindcss%2foxide-android-arm64 set size:undefined disposed:false
18 silly fetch manifest @tailwindcss/oxide-darwin-arm64@4.3.2
19 silly packumentCache full:https://registry.npmjs.org/@tailwindcss%2foxide-darwin-arm64 cache-miss
20 http fetch GET 200 https://registry.npmjs.org/@tailwindcss%2foxide-darwin-arm64 1565ms (cache miss)
21 silly packumentCache full:https://registry.npmjs.org/@tailwindcss%2foxide-darwin-arm64 set size:undefined disposed:false
22 silly fetch manifest @tailwindcss/oxide-darwin-x64@4.3.2
23 silly packumentCache full:https://registry.npmjs.org/@tailwindcss%2foxide-darwin-x64 cache-miss
24 http fetch GET 200 https://registry.npmjs.org/@tailwindcss%2foxide-darwin-x64 1450ms (cache miss)
25 silly packumentCache full:https://registry.npmjs.org/@tailwindcss%2foxide-darwin-x64 set size:undefined disposed:false
26 silly fetch manifest @tailwindcss/oxide-linux-arm-gnueabihf@4.3.2
27 silly packumentCache full:https://registry.npmjs.org/@tailwindcss%2foxide-linux-arm-gnueabihf cache-miss
28 http fetch GET 200 https://registry.npmjs.org/@tailwindcss%2foxide-linux-arm-gnueabihf 1608ms (cache miss)
29 silly packumentCache full:https://registry.npmjs.org/@tailwindcss%2foxide-linux-arm-gnueabihf set size:undefined disposed:false
30 silly fetch manifest @tailwindcss/oxide-freebsd-x64@4.3.2
31 silly packumentCache full:https://registry.npmjs.org/@tailwindcss%2foxide-freebsd-x64 cache-miss
32 http fetch GET 200 https://registry.npmjs.org/@tailwindcss%2foxide-freebsd-x64 1811ms (cache miss)
33 silly packumentCache full:https://registry.npmjs.org/@tailwindcss%2foxide-freebsd-x64 set size:undefined disposed:false
34 silly fetch manifest @tailwindcss/oxide-linux-arm64-gnu@4.3.2
35 silly packumentCache full:https://registry.npmjs.org/@tailwindcss%2foxide-linux-arm64-gnu cache-miss
36 http fetch GET 200 https://registry.npmjs.org/@tailwindcss%2foxide-linux-arm64-gnu 1631ms (cache miss)
37 silly packumentCache full:https://registry.npmjs.org/@tailwindcss%2foxide-linux-arm64-gnu set size:undefined disposed:false
38 silly fetch manifest @tailwindcss/oxide-linux-arm64-musl@4.3.2
39 silly packumentCache full:https://registry.npmjs.org/@tailwindcss%2foxide-linux-arm64-musl cache-miss
40 http fetch GET 200 https://registry.npmjs.org/@tailwindcss%2foxide-linux-arm64-musl 1855ms (cache miss)
41 silly packumentCache full:https://registry.npmjs.org/@tailwindcss%2foxide-linux-arm64-musl set size:undefined disposed:false
42 silly fetch manifest @tailwindcss/oxide-linux-x64-gnu@4.3.2
43 silly packumentCache full:https://registry.npmjs.org/@tailwindcss%2foxide-linux-x64-gnu cache-miss
44 http fetch GET 200 https://registry.npmjs.org/@tailwindcss%2foxide-linux-x64-gnu 1651ms (cache miss)
45 silly packumentCache full:https://registry.npmjs.org/@tailwindcss%2foxide-linux-x64-gnu set size:undefined disposed:false
46 silly fetch manifest @tailwindcss/oxide-linux-x64-musl@4.3.2
47 silly packumentCache full:https://registry.npmjs.org/@tailwindcss%2foxide-linux-x64-musl cache-miss
48 http fetch GET 200 https://registry.npmjs.org/@tailwindcss%2foxide-linux-x64-musl 2215ms (cache miss)
49 silly packumentCache full:https://registry.npmjs.org/@tailwindcss%2foxide-linux-x64-musl set size:undefined disposed:false
50 silly fetch manifest @tailwindcss/oxide-wasm32-wasi@4.3.2
51 silly packumentCache full:https://registry.npmjs.org/@tailwindcss%2foxide-wasm32-wasi cache-miss
52 http fetch GET 200 https://registry.npmjs.org/@tailwindcss%2foxide-wasm32-wasi 1737ms (cache miss)
53 silly packumentCache full:https://registry.npmjs.org/@tailwindcss%2foxide-wasm32-wasi set size:undefined disposed:false
54 silly fetch manifest @tailwindcss/oxide-win32-arm64-msvc@4.3.2
55 silly packumentCache full:https://registry.npmjs.org/@tailwindcss%2foxide-win32-arm64-msvc cache-miss
56 http fetch GET 200 https://registry.npmjs.org/@tailwindcss%2foxide-win32-arm64-msvc 1346ms (cache miss)
57 silly packumentCache full:https://registry.npmjs.org/@tailwindcss%2foxide-win32-arm64-msvc set size:undefined disposed:false
58 silly placeDep ROOT @tailwindcss/oxide-android-arm64@4.3.2 OK for: @tailwindcss/oxide@4.3.2 want: 4.3.2
59 silly placeDep ROOT @tailwindcss/oxide-darwin-arm64@4.3.2 OK for: @tailwindcss/oxide@4.3.2 want: 4.3.2
60 silly placeDep ROOT @tailwindcss/oxide-darwin-x64@4.3.2 OK for: @tailwindcss/oxide@4.3.2 want: 4.3.2
61 silly placeDep ROOT @tailwindcss/oxide-freebsd-x64@4.3.2 OK for: @tailwindcss/oxide@4.3.2 want: 4.3.2
62 silly placeDep ROOT @tailwindcss/oxide-linux-arm-gnueabihf@4.3.2 OK for: @tailwindcss/oxide@4.3.2 want: 4.3.2
63 silly placeDep ROOT @tailwindcss/oxide-linux-arm64-gnu@4.3.2 OK for: @tailwindcss/oxide@4.3.2 want: 4.3.2
64 silly placeDep ROOT @tailwindcss/oxide-linux-arm64-musl@4.3.2 OK for: @tailwindcss/oxide@4.3.2 want: 4.3.2
65 silly placeDep ROOT @tailwindcss/oxide-linux-x64-gnu@4.3.2 OK for: @tailwindcss/oxide@4.3.2 want: 4.3.2
66 silly placeDep ROOT @tailwindcss/oxide-linux-x64-musl@4.3.2 OK for: @tailwindcss/oxide@4.3.2 want: 4.3.2
67 silly placeDep ROOT @tailwindcss/oxide-wasm32-wasi@4.3.2 OK for: @tailwindcss/oxide@4.3.2 want: 4.3.2
68 silly placeDep ROOT @tailwindcss/oxide-win32-arm64-msvc@4.3.2 OK for: @tailwindcss/oxide@4.3.2 want: 4.3.2
69 silly fetch manifest lightningcss-darwin-x64@1.32.0
70 silly packumentCache full:https://registry.npmjs.org/lightningcss-darwin-x64 cache-miss
71 http fetch GET 200 https://registry.npmjs.org/lightningcss-darwin-x64 250ms (cache miss)
72 silly packumentCache full:https://registry.npmjs.org/lightningcss-darwin-x64 set size:undefined disposed:false
73 silly fetch manifest lightningcss-linux-x64-gnu@1.32.0
74 silly packumentCache full:https://registry.npmjs.org/lightningcss-linux-x64-gnu cache-miss
75 http fetch GET 200 https://registry.npmjs.org/lightningcss-linux-x64-gnu 256ms (cache miss)
76 silly packumentCache full:https://registry.npmjs.org/lightningcss-linux-x64-gnu set size:undefined disposed:false
77 silly fetch manifest lightningcss-win32-arm64-msvc@1.32.0
78 silly packumentCache full:https://registry.npmjs.org/lightningcss-win32-arm64-msvc cache-miss
79 http fetch GET 200 https://registry.npmjs.org/lightningcss-win32-arm64-msvc 214ms (cache miss)
80 silly packumentCache full:https://registry.npmjs.org/lightningcss-win32-arm64-msvc set size:undefined disposed:false
81 silly fetch manifest lightningcss-darwin-arm64@1.32.0
82 silly packumentCache full:https://registry.npmjs.org/lightningcss-darwin-arm64 cache-miss
83 http fetch GET 200 https://registry.npmjs.org/lightningcss-darwin-arm64 252ms (cache miss)
84 silly packumentCache full:https://registry.npmjs.org/lightningcss-darwin-arm64 set size:undefined disposed:false
85 silly fetch manifest lightningcss-linux-arm64-gnu@1.32.0
86 silly packumentCache full:https://registry.npmjs.org/lightningcss-linux-arm64-gnu cache-miss
87 http fetch GET 200 https://registry.npmjs.org/lightningcss-linux-arm64-gnu 278ms (cache miss)
88 silly packumentCache full:https://registry.npmjs.org/lightningcss-linux-arm64-gnu set size:undefined disposed:false
89 silly fetch manifest lightningcss-linux-arm-gnueabihf@1.32.0
90 silly packumentCache full:https://registry.npmjs.org/lightningcss-linux-arm-gnueabihf cache-miss
91 http fetch GET 200 https://registry.npmjs.org/lightningcss-linux-arm-gnueabihf 262ms (cache miss)
92 silly packumentCache full:https://registry.npmjs.org/lightningcss-linux-arm-gnueabihf set size:undefined disposed:false
93 silly fetch manifest lightningcss-linux-arm64-musl@1.32.0
94 silly packumentCache full:https://registry.npmjs.org/lightningcss-linux-arm64-musl cache-miss
95 http fetch GET 200 https://registry.npmjs.org/lightningcss-linux-arm64-musl 257ms (cache miss)
96 silly packumentCache full:https://registry.npmjs.org/lightningcss-linux-arm64-musl set size:undefined disposed:false
97 silly fetch manifest lightningcss-linux-x64-musl@1.32.0
98 silly packumentCache full:https://registry.npmjs.org/lightningcss-linux-x64-musl cache-miss
99 http fetch GET 200 https://registry.npmjs.org/lightningcss-linux-x64-musl 978ms (cache miss)
100 silly packumentCache full:https://registry.npmjs.org/lightningcss-linux-x64-musl set size:undefined disposed:false
101 silly fetch manifest lightningcss-freebsd-x64@1.32.0
102 silly packumentCache full:https://registry.npmjs.org/lightningcss-freebsd-x64 cache-miss
103 http fetch GET 200 https://registry.npmjs.org/lightningcss-freebsd-x64 469ms (cache miss)
104 silly packumentCache full:https://registry.npmjs.org/lightningcss-freebsd-x64 set size:undefined disposed:false
105 silly fetch manifest lightningcss-android-arm64@1.32.0
106 silly packumentCache full:https://registry.npmjs.org/lightningcss-android-arm64 cache-miss
107 http fetch GET 200 https://registry.npmjs.org/lightningcss-android-arm64 1084ms (cache miss)
108 silly packumentCache full:https://registry.npmjs.org/lightningcss-android-arm64 set size:undefined disposed:false
109 silly placeDep ROOT lightningcss-android-arm64@1.32.0 OK for: lightningcss@1.32.0 want: 1.32.0
110 silly placeDep ROOT lightningcss-darwin-arm64@1.32.0 OK for: lightningcss@1.32.0 want: 1.32.0
111 silly placeDep ROOT lightningcss-darwin-x64@1.32.0 OK for: lightningcss@1.32.0 want: 1.32.0
112 silly placeDep ROOT lightningcss-freebsd-x64@1.32.0 OK for: lightningcss@1.32.0 want: 1.32.0
113 silly placeDep ROOT lightningcss-linux-arm-gnueabihf@1.32.0 OK for: lightningcss@1.32.0 want: 1.32.0
114 silly placeDep ROOT lightningcss-linux-arm64-gnu@1.32.0 OK for: lightningcss@1.32.0 want: 1.32.0
115 silly placeDep ROOT lightningcss-linux-arm64-musl@1.32.0 OK for: lightningcss@1.32.0 want: 1.32.0
116 silly placeDep ROOT lightningcss-linux-x64-gnu@1.32.0 OK for: lightningcss@1.32.0 want: 1.32.0
117 silly placeDep ROOT lightningcss-linux-x64-musl@1.32.0 OK for: lightningcss@1.32.0 want: 1.32.0
118 silly placeDep ROOT lightningcss-win32-arm64-msvc@1.32.0 OK for: lightningcss@1.32.0 want: 1.32.0
119 silly fetch manifest @next/swc-darwin-arm64@16.2.10
120 silly packumentCache full:https://registry.npmjs.org/@next%2fswc-darwin-arm64 cache-miss
121 http fetch GET 200 https://registry.npmjs.org/@next%2fswc-darwin-arm64 3553ms (cache miss)
122 silly packumentCache full:https://registry.npmjs.org/@next%2fswc-darwin-arm64 set size:undefined disposed:false
123 silly fetch manifest @next/swc-darwin-x64@16.2.10
124 silly packumentCache full:https://registry.npmjs.org/@next%2fswc-darwin-x64 cache-miss
125 http cache https://registry.npmjs.org/@next%2fswc-darwin-x64 72ms (cache hit)
126 silly packumentCache full:https://registry.npmjs.org/@next%2fswc-darwin-x64 set size:5329011 disposed:false
127 silly fetch manifest @next/swc-linux-arm64-gnu@16.2.10
128 silly packumentCache full:https://registry.npmjs.org/@next%2fswc-linux-arm64-gnu cache-miss
129 http fetch GET 200 https://registry.npmjs.org/@next%2fswc-linux-arm64-gnu 3551ms (cache miss)
130 silly packumentCache full:https://registry.npmjs.org/@next%2fswc-linux-arm64-gnu set size:undefined disposed:false
131 silly fetch manifest @next/swc-linux-arm64-musl@16.2.10
132 silly packumentCache full:https://registry.npmjs.org/@next%2fswc-linux-arm64-musl cache-miss
133 http cache https://registry.npmjs.org/@next%2fswc-linux-arm64-musl 36ms (cache hit)
134 silly packumentCache full:https://registry.npmjs.org/@next%2fswc-linux-arm64-musl set size:5260398 disposed:false
135 silly fetch manifest @next/swc-linux-x64-gnu@16.2.10
136 silly packumentCache full:https://registry.npmjs.org/@next%2fswc-linux-x64-gnu cache-miss
137 http cache https://registry.npmjs.org/@next%2fswc-linux-x64-gnu 41ms (cache hit)
138 silly packumentCache full:https://registry.npmjs.org/@next%2fswc-linux-x64-gnu set size:5438084 disposed:false
139 silly fetch manifest @next/swc-linux-x64-musl@16.2.10
140 silly packumentCache full:https://registry.npmjs.org/@next%2fswc-linux-x64-musl cache-miss
141 http cache https://registry.npmjs.org/@next%2fswc-linux-x64-musl 38ms (cache hit)
142 silly packumentCache full:https://registry.npmjs.org/@next%2fswc-linux-x64-musl set size:5194003 disposed:false
143 silly fetch manifest @next/swc-win32-arm64-msvc@16.2.10
144 silly packumentCache full:https://registry.npmjs.org/@next%2fswc-win32-arm64-msvc cache-miss
145 http cache https://registry.npmjs.org/@next%2fswc-win32-arm64-msvc 22ms (cache hit)
146 silly packumentCache full:https://registry.npmjs.org/@next%2fswc-win32-arm64-msvc set size:5223493 disposed:false
147 silly placeDep ROOT @next/swc-darwin-arm64@16.2.10 OK for: next@16.2.10 want: 16.2.10
148 silly placeDep ROOT @next/swc-darwin-x64@16.2.10 OK for: next@16.2.10 want: 16.2.10
149 silly placeDep ROOT @next/swc-linux-arm64-gnu@16.2.10 OK for: next@16.2.10 want: 16.2.10
150 silly placeDep ROOT @next/swc-linux-arm64-musl@16.2.10 OK for: next@16.2.10 want: 16.2.10
151 silly placeDep ROOT @next/swc-linux-x64-gnu@16.2.10 OK for: next@16.2.10 want: 16.2.10
152 silly placeDep ROOT @next/swc-linux-x64-musl@16.2.10 OK for: next@16.2.10 want: 16.2.10
153 silly placeDep ROOT @next/swc-win32-arm64-msvc@16.2.10 OK for: next@16.2.10 want: 16.2.10
154 silly fetch manifest @img/sharp-darwin-arm64@0.34.5
155 silly packumentCache full:https://registry.npmjs.org/@img%2fsharp-darwin-arm64 cache-miss
156 http fetch GET 200 https://registry.npmjs.org/@img%2fsharp-darwin-arm64 245ms (cache miss)
157 silly packumentCache full:https://registry.npmjs.org/@img%2fsharp-darwin-arm64 set size:undefined disposed:false
158 silly fetch manifest @img/sharp-darwin-x64@0.34.5
159 silly packumentCache full:https://registry.npmjs.org/@img%2fsharp-darwin-x64 cache-miss
160 http fetch GET 200 https://registry.npmjs.org/@img%2fsharp-darwin-x64 381ms (cache miss)
161 silly packumentCache full:https://registry.npmjs.org/@img%2fsharp-darwin-x64 set size:undefined disposed:false
162 silly fetch manifest @img/sharp-libvips-darwin-arm64@1.2.4
163 silly packumentCache full:https://registry.npmjs.org/@img%2fsharp-libvips-darwin-arm64 cache-miss
164 http fetch GET 200 https://registry.npmjs.org/@img%2fsharp-libvips-darwin-arm64 235ms (cache miss)
165 silly packumentCache full:https://registry.npmjs.org/@img%2fsharp-libvips-darwin-arm64 set size:undefined disposed:false
166 silly fetch manifest @img/sharp-libvips-darwin-x64@1.2.4
167 silly packumentCache full:https://registry.npmjs.org/@img%2fsharp-libvips-darwin-x64 cache-miss
168 http fetch GET 200 https://registry.npmjs.org/@img%2fsharp-libvips-darwin-x64 282ms (cache miss)
169 silly packumentCache full:https://registry.npmjs.org/@img%2fsharp-libvips-darwin-x64 set size:undefined disposed:false
170 silly fetch manifest @img/sharp-libvips-linux-arm@1.2.4
171 silly packumentCache full:https://registry.npmjs.org/@img%2fsharp-libvips-linux-arm cache-miss
172 http fetch GET 200 https://registry.npmjs.org/@img%2fsharp-libvips-linux-arm 402ms (cache miss)
173 silly packumentCache full:https://registry.npmjs.org/@img%2fsharp-libvips-linux-arm set size:undefined disposed:false
174 silly fetch manifest @img/sharp-libvips-linux-arm64@1.2.4
175 silly packumentCache full:https://registry.npmjs.org/@img%2fsharp-libvips-linux-arm64 cache-miss
176 http fetch GET 200 https://registry.npmjs.org/@img%2fsharp-libvips-linux-arm64 413ms (cache miss)
177 silly packumentCache full:https://registry.npmjs.org/@img%2fsharp-libvips-linux-arm64 set size:undefined disposed:false
178 silly fetch manifest @img/sharp-libvips-linux-ppc64@1.2.4
179 silly packumentCache full:https://registry.npmjs.org/@img%2fsharp-libvips-linux-ppc64 cache-miss
180 http fetch GET 200 https://registry.npmjs.org/@img%2fsharp-libvips-linux-ppc64 378ms (cache miss)
181 silly packumentCache full:https://registry.npmjs.org/@img%2fsharp-libvips-linux-ppc64 set size:undefined disposed:false
182 silly fetch manifest @img/sharp-libvips-linux-riscv64@1.2.4
183 silly packumentCache full:https://registry.npmjs.org/@img%2fsharp-libvips-linux-riscv64 cache-miss
184 http fetch GET 200 https://registry.npmjs.org/@img%2fsharp-libvips-linux-riscv64 418ms (cache miss)
185 silly packumentCache full:https://registry.npmjs.org/@img%2fsharp-libvips-linux-riscv64 set size:undefined disposed:false
186 silly fetch manifest @img/sharp-libvips-linux-s390x@1.2.4
187 silly packumentCache full:https://registry.npmjs.org/@img%2fsharp-libvips-linux-s390x cache-miss
188 http fetch GET 200 https://registry.npmjs.org/@img%2fsharp-libvips-linux-s390x 393ms (cache miss)
189 silly packumentCache full:https://registry.npmjs.org/@img%2fsharp-libvips-linux-s390x set size:undefined disposed:false
190 silly fetch manifest @img/sharp-libvips-linux-x64@1.2.4
191 silly packumentCache full:https://registry.npmjs.org/@img%2fsharp-libvips-linux-x64 cache-miss
192 http fetch GET 200 https://registry.npmjs.org/@img%2fsharp-libvips-linux-x64 408ms (cache miss)
193 silly packumentCache full:https://registry.npmjs.org/@img%2fsharp-libvips-linux-x64 set size:undefined disposed:false
194 silly fetch manifest @img/sharp-libvips-linuxmusl-arm64@1.2.4
195 silly packumentCache full:https://registry.npmjs.org/@img%2fsharp-libvips-linuxmusl-arm64 cache-miss
196 http fetch GET 200 https://registry.npmjs.org/@img%2fsharp-libvips-linuxmusl-arm64 401ms (cache miss)
197 silly packumentCache full:https://registry.npmjs.org/@img%2fsharp-libvips-linuxmusl-arm64 set size:undefined disposed:false
198 silly fetch manifest @img/sharp-libvips-linuxmusl-x64@1.2.4
199 silly packumentCache full:https://registry.npmjs.org/@img%2fsharp-libvips-linuxmusl-x64 cache-miss
200 http fetch GET 200 https://registry.npmjs.org/@img%2fsharp-libvips-linuxmusl-x64 430ms (cache miss)
201 silly packumentCache full:https://registry.npmjs.org/@img%2fsharp-libvips-linuxmusl-x64 set size:undefined disposed:false
202 silly fetch manifest @img/sharp-linux-arm@0.34.5
203 silly packumentCache full:https://registry.npmjs.org/@img%2fsharp-linux-arm cache-miss
204 http fetch GET 200 https://registry.npmjs.org/@img%2fsharp-linux-arm 336ms (cache miss)
205 silly packumentCache full:https://registry.npmjs.org/@img%2fsharp-linux-arm set size:undefined disposed:false
206 silly fetch manifest @img/sharp-linux-arm64@0.34.5
207 silly packumentCache full:https://registry.npmjs.org/@img%2fsharp-linux-arm64 cache-miss
208 http fetch GET 200 https://registry.npmjs.org/@img%2fsharp-linux-arm64 241ms (cache miss)
209 silly packumentCache full:https://registry.npmjs.org/@img%2fsharp-linux-arm64 set size:undefined disposed:false
210 silly fetch manifest @img/sharp-linux-ppc64@0.34.5
211 silly packumentCache full:https://registry.npmjs.org/@img%2fsharp-linux-ppc64 cache-miss
212 http fetch GET 200 https://registry.npmjs.org/@img%2fsharp-linux-ppc64 239ms (cache miss)
213 silly packumentCache full:https://registry.npmjs.org/@img%2fsharp-linux-ppc64 set size:undefined disposed:false
214 silly fetch manifest @img/sharp-linux-riscv64@0.34.5
215 silly packumentCache full:https://registry.npmjs.org/@img%2fsharp-linux-riscv64 cache-miss
216 http fetch GET 200 https://registry.npmjs.org/@img%2fsharp-linux-riscv64 370ms (cache miss)
217 silly packumentCache full:https://registry.npmjs.org/@img%2fsharp-linux-riscv64 set size:undefined disposed:false
218 silly fetch manifest @img/sharp-linux-s390x@0.34.5
219 silly packumentCache full:https://registry.npmjs.org/@img%2fsharp-linux-s390x cache-miss
220 http fetch GET 200 https://registry.npmjs.org/@img%2fsharp-linux-s390x 302ms (cache miss)
221 silly packumentCache full:https://registry.npmjs.org/@img%2fsharp-linux-s390x set size:undefined disposed:false
222 silly fetch manifest @img/sharp-linux-x64@0.34.5
223 silly packumentCache full:https://registry.npmjs.org/@img%2fsharp-linux-x64 cache-miss
224 http fetch GET 200 https://registry.npmjs.org/@img%2fsharp-linux-x64 237ms (cache miss)
225 silly packumentCache full:https://registry.npmjs.org/@img%2fsharp-linux-x64 set size:undefined disposed:false
226 silly fetch manifest @img/sharp-linuxmusl-arm64@0.34.5
227 silly packumentCache full:https://registry.npmjs.org/@img%2fsharp-linuxmusl-arm64 cache-miss
228 http fetch GET 200 https://registry.npmjs.org/@img%2fsharp-linuxmusl-arm64 327ms (cache miss)
229 silly packumentCache full:https://registry.npmjs.org/@img%2fsharp-linuxmusl-arm64 set size:undefined disposed:false
230 silly fetch manifest @img/sharp-linuxmusl-x64@0.34.5
231 silly packumentCache full:https://registry.npmjs.org/@img%2fsharp-linuxmusl-x64 cache-miss
232 http fetch GET 200 https://registry.npmjs.org/@img%2fsharp-linuxmusl-x64 358ms (cache miss)
233 silly packumentCache full:https://registry.npmjs.org/@img%2fsharp-linuxmusl-x64 set size:undefined disposed:false
234 silly fetch manifest @img/sharp-wasm32@0.34.5
235 silly packumentCache full:https://registry.npmjs.org/@img%2fsharp-wasm32 cache-miss
236 http fetch GET 200 https://registry.npmjs.org/@img%2fsharp-wasm32 411ms (cache miss)
237 silly packumentCache full:https://registry.npmjs.org/@img%2fsharp-wasm32 set size:undefined disposed:false
238 silly fetch manifest @img/sharp-win32-arm64@0.34.5
239 silly packumentCache full:https://registry.npmjs.org/@img%2fsharp-win32-arm64 cache-miss
240 http fetch GET 200 https://registry.npmjs.org/@img%2fsharp-win32-arm64 393ms (cache miss)
241 silly packumentCache full:https://registry.npmjs.org/@img%2fsharp-win32-arm64 set size:undefined disposed:false
242 silly fetch manifest @img/sharp-win32-ia32@0.34.5
243 silly packumentCache full:https://registry.npmjs.org/@img%2fsharp-win32-ia32 cache-miss
244 http fetch GET 200 https://registry.npmjs.org/@img%2fsharp-win32-ia32 250ms (cache miss)
245 silly packumentCache full:https://registry.npmjs.org/@img%2fsharp-win32-ia32 set size:undefined disposed:false
246 silly placeDep ROOT @img/sharp-darwin-arm64@0.34.5 OK for: sharp@0.34.5 want: 0.34.5
247 silly placeDep ROOT @img/sharp-darwin-x64@0.34.5 OK for: sharp@0.34.5 want: 0.34.5
248 silly placeDep ROOT @img/sharp-libvips-darwin-arm64@1.2.4 OK for: sharp@0.34.5 want: 1.2.4
249 silly placeDep ROOT @img/sharp-libvips-darwin-x64@1.2.4 OK for: sharp@0.34.5 want: 1.2.4
250 silly placeDep ROOT @img/sharp-libvips-linux-arm@1.2.4 OK for: sharp@0.34.5 want: 1.2.4
251 silly placeDep ROOT @img/sharp-libvips-linux-arm64@1.2.4 OK for: sharp@0.34.5 want: 1.2.4
252 silly placeDep ROOT @img/sharp-libvips-linux-ppc64@1.2.4 OK for: sharp@0.34.5 want: 1.2.4
253 silly placeDep ROOT @img/sharp-libvips-linux-riscv64@1.2.4 OK for: sharp@0.34.5 want: 1.2.4
254 silly placeDep ROOT @img/sharp-libvips-linux-s390x@1.2.4 OK for: sharp@0.34.5 want: 1.2.4
255 silly placeDep ROOT @img/sharp-libvips-linux-x64@1.2.4 OK for: sharp@0.34.5 want: 1.2.4
256 silly placeDep ROOT @img/sharp-libvips-linuxmusl-arm64@1.2.4 OK for: sharp@0.34.5 want: 1.2.4
257 silly placeDep ROOT @img/sharp-libvips-linuxmusl-x64@1.2.4 OK for: sharp@0.34.5 want: 1.2.4
258 silly placeDep ROOT @img/sharp-linux-arm@0.34.5 OK for: sharp@0.34.5 want: 0.34.5
259 silly placeDep ROOT @img/sharp-linux-arm64@0.34.5 OK for: sharp@0.34.5 want: 0.34.5
260 silly placeDep ROOT @img/sharp-linux-ppc64@0.34.5 OK for: sharp@0.34.5 want: 0.34.5
261 silly placeDep ROOT @img/sharp-linux-riscv64@0.34.5 OK for: sharp@0.34.5 want: 0.34.5
262 silly placeDep ROOT @img/sharp-linux-s390x@0.34.5 OK for: sharp@0.34.5 want: 0.34.5
263 silly placeDep ROOT @img/sharp-linux-x64@0.34.5 OK for: sharp@0.34.5 want: 0.34.5
264 silly placeDep ROOT @img/sharp-linuxmusl-arm64@0.34.5 OK for: sharp@0.34.5 want: 0.34.5
265 silly placeDep ROOT @img/sharp-linuxmusl-x64@0.34.5 OK for: sharp@0.34.5 want: 0.34.5
266 silly placeDep ROOT @img/sharp-wasm32@0.34.5 OK for: sharp@0.34.5 want: 0.34.5
267 silly placeDep ROOT @img/sharp-win32-arm64@0.34.5 OK for: sharp@0.34.5 want: 0.34.5
268 silly placeDep ROOT @img/sharp-win32-ia32@0.34.5 OK for: sharp@0.34.5 want: 0.34.5
269 silly fetch manifest @unrs/resolver-binding-darwin-arm64@1.12.2
270 silly packumentCache full:https://registry.npmjs.org/@unrs%2fresolver-binding-darwin-arm64 cache-miss
271 http fetch GET 200 https://registry.npmjs.org/@unrs%2fresolver-binding-darwin-arm64 383ms (cache miss)
272 silly packumentCache full:https://registry.npmjs.org/@unrs%2fresolver-binding-darwin-arm64 set size:undefined disposed:false
273 silly fetch manifest @unrs/resolver-binding-android-arm64@1.12.2
274 silly packumentCache full:https://registry.npmjs.org/@unrs%2fresolver-binding-android-arm64 cache-miss
275 http fetch GET 200 https://registry.npmjs.org/@unrs%2fresolver-binding-android-arm64 211ms (cache miss)
276 silly packumentCache full:https://registry.npmjs.org/@unrs%2fresolver-binding-android-arm64 set size:undefined disposed:false
277 silly fetch manifest @unrs/resolver-binding-win32-arm64-msvc@1.12.2
278 silly packumentCache full:https://registry.npmjs.org/@unrs%2fresolver-binding-win32-arm64-msvc cache-miss
279 http fetch GET 200 https://registry.npmjs.org/@unrs%2fresolver-binding-win32-arm64-msvc 403ms (cache miss)
280 silly packumentCache full:https://registry.npmjs.org/@unrs%2fresolver-binding-win32-arm64-msvc set size:undefined disposed:false
281 silly fetch manifest @unrs/resolver-binding-linux-arm64-gnu@1.12.2
282 silly packumentCache full:https://registry.npmjs.org/@unrs%2fresolver-binding-linux-arm64-gnu cache-miss
283 http fetch GET 200 https://registry.npmjs.org/@unrs%2fresolver-binding-linux-arm64-gnu 335ms (cache miss)
284 silly packumentCache full:https://registry.npmjs.org/@unrs%2fresolver-binding-linux-arm64-gnu set size:undefined disposed:false
285 silly fetch manifest @unrs/resolver-binding-linux-arm64-musl@1.12.2
286 silly packumentCache full:https://registry.npmjs.org/@unrs%2fresolver-binding-linux-arm64-musl cache-miss
287 http fetch GET 200 https://registry.npmjs.org/@unrs%2fresolver-binding-linux-arm64-musl 369ms (cache miss)
288 silly packumentCache full:https://registry.npmjs.org/@unrs%2fresolver-binding-linux-arm64-musl set size:undefined disposed:false
289 silly fetch manifest @unrs/resolver-binding-openharmony-arm64@1.12.2
290 silly packumentCache full:https://registry.npmjs.org/@unrs%2fresolver-binding-openharmony-arm64 cache-miss
291 http fetch GET 200 https://registry.npmjs.org/@unrs%2fresolver-binding-openharmony-arm64 397ms (cache miss)
292 silly packumentCache full:https://registry.npmjs.org/@unrs%2fresolver-binding-openharmony-arm64 set size:undefined disposed:false
293 silly fetch manifest @unrs/resolver-binding-android-arm-eabi@1.12.2
294 silly packumentCache full:https://registry.npmjs.org/@unrs%2fresolver-binding-android-arm-eabi cache-miss
295 http fetch GET 200 https://registry.npmjs.org/@unrs%2fresolver-binding-android-arm-eabi 226ms (cache miss)
296 silly packumentCache full:https://registry.npmjs.org/@unrs%2fresolver-binding-android-arm-eabi set size:undefined disposed:false
297 silly fetch manifest @unrs/resolver-binding-linux-arm-gnueabihf@1.12.2
298 silly packumentCache full:https://registry.npmjs.org/@unrs%2fresolver-binding-linux-arm-gnueabihf cache-miss
299 http fetch GET 200 https://registry.npmjs.org/@unrs%2fresolver-binding-linux-arm-gnueabihf 366ms (cache miss)
300 silly packumentCache full:https://registry.npmjs.org/@unrs%2fresolver-binding-linux-arm-gnueabihf set size:undefined disposed:false
301 silly fetch manifest @unrs/resolver-binding-linux-arm-musleabihf@1.12.2
302 silly packumentCache full:https://registry.npmjs.org/@unrs%2fresolver-binding-linux-arm-musleabihf cache-miss
303 http fetch GET 200 https://registry.npmjs.org/@unrs%2fresolver-binding-linux-arm-musleabihf 241ms (cache miss)
304 silly packumentCache full:https://registry.npmjs.org/@unrs%2fresolver-binding-linux-arm-musleabihf set size:undefined disposed:false
305 silly fetch manifest @unrs/resolver-binding-win32-ia32-msvc@1.12.2
306 silly packumentCache full:https://registry.npmjs.org/@unrs%2fresolver-binding-win32-ia32-msvc cache-miss
307 http fetch GET 200 https://registry.npmjs.org/@unrs%2fresolver-binding-win32-ia32-msvc 239ms (cache miss)
308 silly packumentCache full:https://registry.npmjs.org/@unrs%2fresolver-binding-win32-ia32-msvc set size:undefined disposed:false
309 silly fetch manifest @unrs/resolver-binding-linux-loong64-gnu@1.12.2
310 silly packumentCache full:https://registry.npmjs.org/@unrs%2fresolver-binding-linux-loong64-gnu cache-miss
311 http fetch GET 200 https://registry.npmjs.org/@unrs%2fresolver-binding-linux-loong64-gnu 349ms (cache miss)
312 silly packumentCache full:https://registry.npmjs.org/@unrs%2fresolver-binding-linux-loong64-gnu set size:undefined disposed:false
313 silly fetch manifest @unrs/resolver-binding-linux-loong64-musl@1.12.2
314 silly packumentCache full:https://registry.npmjs.org/@unrs%2fresolver-binding-linux-loong64-musl cache-miss
315 http fetch GET 200 https://registry.npmjs.org/@unrs%2fresolver-binding-linux-loong64-musl 226ms (cache miss)
316 silly packumentCache full:https://registry.npmjs.org/@unrs%2fresolver-binding-linux-loong64-musl set size:undefined disposed:false
317 silly fetch manifest @unrs/resolver-binding-linux-ppc64-gnu@1.12.2
318 silly packumentCache full:https://registry.npmjs.org/@unrs%2fresolver-binding-linux-ppc64-gnu cache-miss
319 http fetch GET 200 https://registry.npmjs.org/@unrs%2fresolver-binding-linux-ppc64-gnu 273ms (cache miss)
320 silly packumentCache full:https://registry.npmjs.org/@unrs%2fresolver-binding-linux-ppc64-gnu set size:undefined disposed:false
321 silly fetch manifest @unrs/resolver-binding-linux-riscv64-gnu@1.12.2
322 silly packumentCache full:https://registry.npmjs.org/@unrs%2fresolver-binding-linux-riscv64-gnu cache-miss
323 http fetch GET 200 https://registry.npmjs.org/@unrs%2fresolver-binding-linux-riscv64-gnu 229ms (cache miss)
324 silly packumentCache full:https://registry.npmjs.org/@unrs%2fresolver-binding-linux-riscv64-gnu set size:undefined disposed:false
325 silly fetch manifest @unrs/resolver-binding-linux-riscv64-musl@1.12.2
326 silly packumentCache full:https://registry.npmjs.org/@unrs%2fresolver-binding-linux-riscv64-musl cache-miss
327 http fetch GET 200 https://registry.npmjs.org/@unrs%2fresolver-binding-linux-riscv64-musl 376ms (cache miss)
328 silly packumentCache full:https://registry.npmjs.org/@unrs%2fresolver-binding-linux-riscv64-musl set size:undefined disposed:false
329 silly fetch manifest @unrs/resolver-binding-linux-s390x-gnu@1.12.2
330 silly packumentCache full:https://registry.npmjs.org/@unrs%2fresolver-binding-linux-s390x-gnu cache-miss
331 http fetch GET 200 https://registry.npmjs.org/@unrs%2fresolver-binding-linux-s390x-gnu 260ms (cache miss)
332 silly packumentCache full:https://registry.npmjs.org/@unrs%2fresolver-binding-linux-s390x-gnu set size:undefined disposed:false
333 silly fetch manifest @unrs/resolver-binding-wasm32-wasi@1.12.2
334 silly packumentCache full:https://registry.npmjs.org/@unrs%2fresolver-binding-wasm32-wasi cache-miss
335 http fetch GET 200 https://registry.npmjs.org/@unrs%2fresolver-binding-wasm32-wasi 349ms (cache miss)
336 silly packumentCache full:https://registry.npmjs.org/@unrs%2fresolver-binding-wasm32-wasi set size:undefined disposed:false
337 silly fetch manifest @unrs/resolver-binding-darwin-x64@1.12.2
338 silly packumentCache full:https://registry.npmjs.org/@unrs%2fresolver-binding-darwin-x64 cache-miss
339 http fetch GET 200 https://registry.npmjs.org/@unrs%2fresolver-binding-darwin-x64 238ms (cache miss)
340 silly packumentCache full:https://registry.npmjs.org/@unrs%2fresolver-binding-darwin-x64 set size:undefined disposed:false
341 silly fetch manifest @unrs/resolver-binding-freebsd-x64@1.12.2
342 silly packumentCache full:https://registry.npmjs.org/@unrs%2fresolver-binding-freebsd-x64 cache-miss
343 http fetch GET 200 https://registry.npmjs.org/@unrs%2fresolver-binding-freebsd-x64 257ms (cache miss)
344 silly packumentCache full:https://registry.npmjs.org/@unrs%2fresolver-binding-freebsd-x64 set size:undefined disposed:false
345 silly fetch manifest @unrs/resolver-binding-linux-x64-gnu@1.12.2
346 silly packumentCache full:https://registry.npmjs.org/@unrs%2fresolver-binding-linux-x64-gnu cache-miss
347 http fetch GET 200 https://registry.npmjs.org/@unrs%2fresolver-binding-linux-x64-gnu 438ms (cache miss)
348 silly packumentCache full:https://registry.npmjs.org/@unrs%2fresolver-binding-linux-x64-gnu set size:undefined disposed:false
349 silly fetch manifest @unrs/resolver-binding-linux-x64-musl@1.12.2
350 silly packumentCache full:https://registry.npmjs.org/@unrs%2fresolver-binding-linux-x64-musl cache-miss
351 http fetch GET 200 https://registry.npmjs.org/@unrs%2fresolver-binding-linux-x64-musl 373ms (cache miss)
352 silly packumentCache full:https://registry.npmjs.org/@unrs%2fresolver-binding-linux-x64-musl set size:undefined disposed:false
353 silly placeDep ROOT @unrs/resolver-binding-android-arm-eabi@1.12.2 OK for: unrs-resolver@1.12.2 want: 1.12.2
354 silly placeDep ROOT @unrs/resolver-binding-android-arm64@1.12.2 OK for: unrs-resolver@1.12.2 want: 1.12.2
355 silly placeDep ROOT @unrs/resolver-binding-darwin-arm64@1.12.2 OK for: unrs-resolver@1.12.2 want: 1.12.2
356 silly placeDep ROOT @unrs/resolver-binding-darwin-x64@1.12.2 OK for: unrs-resolver@1.12.2 want: 1.12.2
357 silly placeDep ROOT @unrs/resolver-binding-freebsd-x64@1.12.2 OK for: unrs-resolver@1.12.2 want: 1.12.2
358 silly placeDep ROOT @unrs/resolver-binding-linux-arm-gnueabihf@1.12.2 OK for: unrs-resolver@1.12.2 want: 1.12.2
359 silly placeDep ROOT @unrs/resolver-binding-linux-arm-musleabihf@1.12.2 OK for: unrs-resolver@1.12.2 want: 1.12.2
360 silly placeDep ROOT @unrs/resolver-binding-linux-arm64-gnu@1.12.2 OK for: unrs-resolver@1.12.2 want: 1.12.2
361 silly placeDep ROOT @unrs/resolver-binding-linux-arm64-musl@1.12.2 OK for: unrs-resolver@1.12.2 want: 1.12.2
362 silly placeDep ROOT @unrs/resolver-binding-linux-loong64-gnu@1.12.2 OK for: unrs-resolver@1.12.2 want: 1.12.2
363 silly placeDep ROOT @unrs/resolver-binding-linux-loong64-musl@1.12.2 OK for: unrs-resolver@1.12.2 want: 1.12.2
364 silly placeDep ROOT @unrs/resolver-binding-linux-ppc64-gnu@1.12.2 OK for: unrs-resolver@1.12.2 want: 1.12.2
365 silly placeDep ROOT @unrs/resolver-binding-linux-riscv64-gnu@1.12.2 OK for: unrs-resolver@1.12.2 want: 1.12.2
366 silly placeDep ROOT @unrs/resolver-binding-linux-riscv64-musl@1.12.2 OK for: unrs-resolver@1.12.2 want: 1.12.2
367 silly placeDep ROOT @unrs/resolver-binding-linux-s390x-gnu@1.12.2 OK for: unrs-resolver@1.12.2 want: 1.12.2
368 silly placeDep ROOT @unrs/resolver-binding-linux-x64-gnu@1.12.2 OK for: unrs-resolver@1.12.2 want: 1.12.2
369 silly placeDep ROOT @unrs/resolver-binding-linux-x64-musl@1.12.2 OK for: unrs-resolver@1.12.2 want: 1.12.2
370 silly placeDep ROOT @unrs/resolver-binding-openharmony-arm64@1.12.2 OK for: unrs-resolver@1.12.2 want: 1.12.2
371 silly placeDep ROOT @unrs/resolver-binding-wasm32-wasi@1.12.2 OK for: unrs-resolver@1.12.2 want: 1.12.2
372 silly placeDep ROOT @unrs/resolver-binding-win32-arm64-msvc@1.12.2 OK for: unrs-resolver@1.12.2 want: 1.12.2
373 silly placeDep ROOT @unrs/resolver-binding-win32-ia32-msvc@1.12.2 OK for: unrs-resolver@1.12.2 want: 1.12.2
374 silly fetch manifest @emnapi/runtime@1.10.0
375 silly packumentCache full:https://registry.npmjs.org/@emnapi%2fruntime cache-miss
376 http fetch GET 200 https://registry.npmjs.org/@emnapi%2fruntime 354ms (cache miss)
377 silly packumentCache full:https://registry.npmjs.org/@emnapi%2fruntime set size:undefined disposed:false
378 silly placeDep node_modules/@unrs/resolver-binding-wasm32-wasi @emnapi/runtime@1.10.0 OK for: @unrs/resolver-binding-wasm32-wasi@1.12.2 want: 1.10.0
379 silly reify mark retired [
379 silly reify   'C:\\Users\\Eric\\Documents\\New project\\loan-portal\\node_modules\\giget',
379 silly reify   'C:\\Users\\Eric\\Documents\\New project\\loan-portal\\node_modules\\.bin\\giget',
379 silly reify   'C:\\Users\\Eric\\Documents\\New project\\loan-portal\\node_modules\\.bin\\giget.cmd',
379 silly reify   'C:\\Users\\Eric\\Documents\\New project\\loan-portal\\node_modules\\.bin\\giget.ps1'
379 silly reify ]
380 silly reify mark retired [
380 silly reify   'C:\\Users\\Eric\\Documents\\New project\\loan-portal\\node_modules\\next',
380 silly reify   'C:\\Users\\Eric\\Documents\\New project\\loan-portal\\node_modules\\.bin\\next',
380 silly reify   'C:\\Users\\Eric\\Documents\\New project\\loan-portal\\node_modules\\.bin\\next.cmd',
380 silly reify   'C:\\Users\\Eric\\Documents\\New project\\loan-portal\\node_modules\\.bin\\next.ps1'
380 silly reify ]
381 silly reify mark retired [
381 silly reify   'C:\\Users\\Eric\\Documents\\New project\\loan-portal\\node_modules\\prisma',
381 silly reify   'C:\\Users\\Eric\\Documents\\New project\\loan-portal\\node_modules\\.bin\\prisma',
381 silly reify   'C:\\Users\\Eric\\Documents\\New project\\loan-portal\\node_modules\\.bin\\prisma.cmd',
381 silly reify   'C:\\Users\\Eric\\Documents\\New project\\loan-portal\\node_modules\\.bin\\prisma.ps1'
381 silly reify ]
382 silly reify mark retired [
382 silly reify   'C:\\Users\\Eric\\Documents\\New project\\loan-portal\\node_modules\\@emnapi\\core'
382 silly reify ]
383 silly reify mark retired [
383 silly reify   'C:\\Users\\Eric\\Documents\\New project\\loan-portal\\node_modules\\@emnapi\\runtime'
383 silly reify ]
384 silly reify mark retired [
384 silly reify   'C:\\Users\\Eric\\Documents\\New project\\loan-portal\\node_modules\\@emnapi\\wasi-threads'
384 silly reify ]
385 silly reify mark retired [
385 silly reify   'C:\\Users\\Eric\\Documents\\New project\\loan-portal\\node_modules\\@electric-sql\\pglite-socket',
385 silly reify   'C:\\Users\\Eric\\Documents\\New project\\loan-portal\\node_modules\\.bin\\pglite-server',
385 silly reify   'C:\\Users\\Eric\\Documents\\New project\\loan-portal\\node_modules\\.bin\\pglite-server.cmd',
385 silly reify   'C:\\Users\\Eric\\Documents\\New project\\loan-portal\\node_modules\\.bin\\pglite-server.ps1'
385 silly reify ]
386 silly reify moves {
386 silly reify   'C:\\Users\\Eric\\Documents\\New project\\loan-portal\\node_modules\\giget': 'C:\\Users\\Eric\\Documents\\New project\\loan-portal\\node_modules\\.giget-M78lyFIl',
386 silly reify   'C:\\Users\\Eric\\Documents\\New project\\loan-portal\\node_modules\\.bin\\giget': 'C:\\Users\\Eric\\Documents\\New project\\loan-portal\\node_modules\\.bin\\.giget-iLWEFTNm',
386 silly reify   'C:\\Users\\Eric\\Documents\\New project\\loan-portal\\node_modules\\.bin\\giget.cmd': 'C:\\Users\\Eric\\Documents\\New project\\loan-portal\\node_modules\\.bin\\.giget.cmd-VOvSgHG1',
386 silly reify   'C:\\Users\\Eric\\Documents\\New project\\loan-portal\\node_modules\\.bin\\giget.ps1': 'C:\\Users\\Eric\\Documents\\New project\\loan-portal\\node_modules\\.bin\\.giget.ps1-FqG3V6GI',
386 silly reify   'C:\\Users\\Eric\\Documents\\New project\\loan-portal\\node_modules\\next': 'C:\\Users\\Eric\\Documents\\New project\\loan-portal\\node_modules\\.next-oYE0xwVV',
386 silly reify   'C:\\Users\\Eric\\Documents\\New project\\loan-portal\\node_modules\\.bin\\next': 'C:\\Users\\Eric\\Documents\\New project\\loan-portal\\node_modules\\.bin\\.next-IatmcKx9',
386 silly reify   'C:\\Users\\Eric\\Documents\\New project\\loan-portal\\node_modules\\.bin\\next.cmd': 'C:\\Users\\Eric\\Documents\\New project\\loan-portal\\node_modules\\.bin\\.next.cmd-SkNbxz2Q',
386 silly reify   'C:\\Users\\Eric\\Documents\\New project\\loan-portal\\node_modules\\.bin\\next.ps1': 'C:\\Users\\Eric\\Documents\\New project\\loan-portal\\node_modules\\.bin\\.next.ps1-obfjPjNu',
386 silly reify   'C:\\Users\\Eric\\Documents\\New project\\loan-portal\\node_modules\\prisma': 'C:\\Users\\Eric\\Documents\\New project\\loan-portal\\node_modules\\.prisma-cUgxNJqh',
386 silly reify   'C:\\Users\\Eric\\Documents\\New project\\loan-portal\\node_modules\\.bin\\prisma': 'C:\\Users\\Eric\\Documents\\New project\\loan-portal\\node_modules\\.bin\\.prisma-G6Y0oiMQ',
386 silly reify   'C:\\Users\\Eric\\Documents\\New project\\loan-portal\\node_modules\\.bin\\prisma.cmd': 'C:\\Users\\Eric\\Documents\\New project\\loan-portal\\node_modules\\.bin\\.prisma.cmd-5KK4PNxa',
386 silly reify   'C:\\Users\\Eric\\Documents\\New project\\loan-portal\\node_modules\\.bin\\prisma.ps1': 'C:\\Users\\Eric\\Documents\\New project\\loan-portal\\node_modules\\.bin\\.prisma.ps1-4byIFicv',
386 silly reify   'C:\\Users\\Eric\\Documents\\New project\\loan-portal\\node_modules\\@emnapi\\core': 'C:\\Users\\Eric\\Documents\\New project\\loan-portal\\node_modules\\@emnapi\\.core-HvZTv61k',
386 silly reify   'C:\\Users\\Eric\\Documents\\New project\\loan-portal\\node_modules\\@emnapi\\runtime': 'C:\\Users\\Eric\\Documents\\New project\\loan-portal\\node_modules\\@emnapi\\.runtime-UIxqgeAe',
386 silly reify   'C:\\Users\\Eric\\Documents\\New project\\loan-portal\\node_modules\\@emnapi\\wasi-threads': 'C:\\Users\\Eric\\Documents\\New project\\loan-portal\\node_modules\\@emnapi\\.wasi-threads-0mi0EDLw',
386 silly reify   'C:\\Users\\Eric\\Documents\\New project\\loan-portal\\node_modules\\@electric-sql\\pglite-socket': 'C:\\Users\\Eric\\Documents\\New project\\loan-portal\\node_modules\\@electric-sql\\.pglite-socket-6fakUoiv',
386 silly reify   'C:\\Users\\Eric\\Documents\\New project\\loan-portal\\node_modules\\.bin\\pglite-server': 'C:\\Users\\Eric\\Documents\\New project\\loan-portal\\node_modules\\.bin\\.pglite-server-rT1o3vuw',
386 silly reify   'C:\\Users\\Eric\\Documents\\New project\\loan-portal\\node_modules\\.bin\\pglite-server.cmd': 'C:\\Users\\Eric\\Documents\\New project\\loan-portal\\node_modules\\.bin\\.pglite-server.cmd-nnl7bO5O',
386 silly reify   'C:\\Users\\Eric\\Documents\\New project\\loan-portal\\node_modules\\.bin\\pglite-server.ps1': 'C:\\Users\\Eric\\Documents\\New project\\loan-portal\\node_modules\\.bin\\.pglite-server.ps1-SdVTZU84'
386 silly reify }
387 silly packumentCache corgi:https://registry.npmjs.org/@electric-sql%2fpglite-socket cache-miss
388 silly packumentCache corgi:https://registry.npmjs.org/prisma cache-miss
389 silly packumentCache corgi:https://registry.npmjs.org/giget cache-miss
390 silly packumentCache corgi:https://registry.npmjs.org/next cache-miss
391 http fetch GET 200 https://registry.npmjs.org/@electric-sql%2fpglite-socket 248ms (cache miss)
392 silly packumentCache corgi:https://registry.npmjs.org/@electric-sql%2fpglite-socket set size:undefined disposed:false
393 http fetch GET 200 https://registry.npmjs.org/giget 568ms (cache miss)
394 silly packumentCache corgi:https://registry.npmjs.org/giget set size:undefined disposed:false
395 http fetch GET 200 https://registry.npmjs.org/giget/-/giget-3.3.0.tgz 414ms (cache miss)
396 http fetch GET 200 https://registry.npmjs.org/@electric-sql/pglite-socket/-/pglite-socket-0.1.1.tgz 788ms (cache miss)
397 http fetch GET 200 https://registry.npmjs.org/next 8877ms (cache miss)
398 silly packumentCache corgi:https://registry.npmjs.org/next set size:undefined disposed:false
399 http fetch GET 200 https://registry.npmjs.org/prisma 40514ms (cache miss)
400 silly packumentCache corgi:https://registry.npmjs.org/prisma set size:undefined disposed:false
401 http fetch GET 200 https://registry.npmjs.org/prisma/-/prisma-7.8.0.tgz 68892ms (cache miss)
402 warn cleanup Failed to remove some directories [
402 warn cleanup   [
402 warn cleanup     '\\\\?\\C:\\Users\\Eric\\Documents\\New project\\loan-portal\\node_modules\\next',
402 warn cleanup     [Error: EPERM: operation not permitted, rmdir 'C:\Users\Eric\Documents\New project\loan-portal\node_modules\next\experimental\testmode'] {
402 warn cleanup       errno: -4048,
402 warn cleanup       code: 'EPERM',
402 warn cleanup       syscall: 'rmdir',
402 warn cleanup       path: 'C:\\Users\\Eric\\Documents\\New project\\loan-portal\\node_modules\\next\\experimental\\testmode'
402 warn cleanup     }
402 warn cleanup   ],
402 warn cleanup   [
402 warn cleanup     'C:\\Users\\Eric\\Documents\\New project\\loan-portal\\node_modules\\next',
402 warn cleanup     [Error: EPERM: operation not permitted, rmdir 'C:\Users\Eric\Documents\New project\loan-portal\node_modules\next\dist\build\webpack\config'] {
402 warn cleanup       errno: -4048,
402 warn cleanup       code: 'EPERM',
402 warn cleanup       syscall: 'rmdir',
402 warn cleanup       path: 'C:\\Users\\Eric\\Documents\\New project\\loan-portal\\node_modules\\next\\dist\\build\\webpack\\config'
402 warn cleanup     }
402 warn cleanup   ]
402 warn cleanup ]
403 verbose stack Error: aborted
403 verbose stack     at TLSSocket.socketCloseListener (node:_http_client:535:19)
403 verbose stack     at TLSSocket.emit (node:events:520:35)
403 verbose stack     at node:net:346:12
403 verbose stack     at TCP.done (node:_tls_wrap:649:7)
404 error code ECONNRESET
405 error network aborted
406 error network This is a problem related to network connectivity.
406 error network In most cases you are behind a proxy or have bad network settings.
406 error network
406 error network If you are behind a proxy, please make sure that the
406 error network 'proxy' config is set properly.  See: 'npm help config'
407 silly unfinished npm timer reify 1783171536167
408 silly unfinished npm timer reify:unpack 1783171585956
409 silly unfinished npm timer reifyNode:node_modules/next 1783171585958
410 verbose cwd C:\Users\Eric\Documents\New project\loan-portal
411 verbose os Windows_NT 10.0.26200
412 verbose node v24.12.0
413 verbose npm  v11.6.2
414 verbose exit 1
415 verbose code 1
416 error A complete log of this run can be found in: C:\Users\Eric\Documents\New project\loan-portal\.npm-cache\_logs\2026-07-04T13_25_34_220Z-debug-0.log
