0 verbose cli C:\Program Files\nodejs\node.exe C:\Program Files\nodejs\node_modules\npm\bin\npm-cli.js
1 info using npm@11.6.2
2 info using node@v24.12.0
3 silly config load:file:C:\Program Files\nodejs\node_modules\npm\npmrc
4 silly config load:file:C:\Users\Eric\Documents\New project\loan-portal\.npmrc
5 silly config load:file:C:\Users\Eric\.npmrc
6 silly config load:file:C:\Users\Eric\AppData\Roaming\npm\etc\npmrc
7 verbose title npm install @next/swc-win32-x64-msvc@16.2.10
8 verbose argv "install" "@next/swc-win32-x64-msvc@16.2.10" "--no-audit" "--no-fund" "--progress" "false" "--cache" ".\\.npm-cache"
9 verbose logfile logs-max:10 dir:C:\Users\Eric\Documents\New project\loan-portal\.npm-cache\_logs\2026-07-04T13_39_02_517Z-
10 verbose logfile C:\Users\Eric\Documents\New project\loan-portal\.npm-cache\_logs\2026-07-04T13_39_02_517Z-debug-0.log
11 silly logfile done cleaning log files
12 silly packumentCache heap:2348810240 maxSize:587202560 maxEntrySize:293601280
13 verbose shrinkwrap failed to load node_modules/.package-lock.json out of date, updated: node_modules
14 silly idealTree buildDeps
15 silly fetch manifest @next/swc-win32-x64-msvc@16.2.10
16 silly packumentCache full:https://registry.npmjs.org/@next%2fswc-win32-x64-msvc cache-miss
17 http fetch GET 200 https://registry.npmjs.org/@next%2fswc-win32-x64-msvc 3781ms (cache miss)
18 silly packumentCache full:https://registry.npmjs.org/@next%2fswc-win32-x64-msvc set size:undefined disposed:false
19 silly placeDep ROOT @next/swc-win32-x64-msvc@16.2.10 REPLACE for: loan-portal@0.1.0 want: 16.2.10
20 silly fetch manifest @emnapi/runtime@^1.7.0
21 silly packumentCache full:https://registry.npmjs.org/@emnapi%2fruntime cache-miss
22 http fetch GET 200 https://registry.npmjs.org/@emnapi%2fruntime 177ms (cache revalidated)
23 silly packumentCache full:https://registry.npmjs.org/@emnapi%2fruntime set size:118526 disposed:false
24 silly placeDep ROOT @emnapi/runtime@1.11.2 OK for: @img/sharp-wasm32@0.34.5 want: ^1.7.0
25 silly fetch manifest @emnapi/core@^1.7.1
26 silly packumentCache full:https://registry.npmjs.org/@emnapi%2fcore cache-miss
27 http fetch GET 200 https://registry.npmjs.org/@emnapi%2fcore 234ms (cache miss)
28 silly packumentCache full:https://registry.npmjs.org/@emnapi%2fcore set size:undefined disposed:false
29 silly placeDep ROOT @emnapi/core@1.11.2 OK for: @napi-rs/wasm-runtime@1.1.6 want: ^1.7.1
30 silly fetch manifest @emnapi/wasi-threads@1.2.2
31 silly packumentCache full:https://registry.npmjs.org/@emnapi%2fwasi-threads cache-miss
32 http fetch GET 200 https://registry.npmjs.org/@emnapi%2fwasi-threads 219ms (cache miss)
33 silly packumentCache full:https://registry.npmjs.org/@emnapi%2fwasi-threads set size:undefined disposed:false
34 silly placeDep ROOT @emnapi/wasi-threads@1.2.2 REPLACE for: @emnapi/core@1.11.2 want: 1.2.2
35 silly fetch manifest @emnapi/core@1.10.0
36 silly packumentCache full:https://registry.npmjs.org/@emnapi%2fcore cache-miss
37 http cache https://registry.npmjs.org/@emnapi%2fcore 11ms (cache hit)
38 silly packumentCache full:https://registry.npmjs.org/@emnapi%2fcore set size:117071 disposed:false
39 silly placeDep node_modules/@unrs/resolver-binding-wasm32-wasi @emnapi/core@1.10.0 OK for: @unrs/resolver-binding-wasm32-wasi@1.12.2 want: 1.10.0
40 silly fetch manifest @emnapi/wasi-threads@1.2.1
41 silly packumentCache full:https://registry.npmjs.org/@emnapi%2fwasi-threads cache-miss
42 http cache https://registry.npmjs.org/@emnapi%2fwasi-threads 12ms (cache hit)
43 silly packumentCache full:https://registry.npmjs.org/@emnapi%2fwasi-threads set size:28580 disposed:false
44 silly placeDep node_modules/@unrs/resolver-binding-wasm32-wasi @emnapi/wasi-threads@1.2.1 OK for: @emnapi/core@1.10.0 want: 1.2.1
45 silly reify mark retired [
45 silly reify   'C:\\Users\\Eric\\Documents\\New project\\loan-portal\\node_modules\\@next\\swc-win32-x64-msvc'
45 silly reify ]
46 silly reify moves {
46 silly reify   'C:\\Users\\Eric\\Documents\\New project\\loan-portal\\node_modules\\@next\\swc-win32-x64-msvc': 'C:\\Users\\Eric\\Documents\\New project\\loan-portal\\node_modules\\@next\\.swc-win32-x64-msvc-AkNg2boB'
46 silly reify }
47 http cache @next/swc-win32-x64-msvc@https://registry.npmjs.org/@next/swc-win32-x64-msvc/-/swc-win32-x64-msvc-16.2.10.tgz 0ms (cache hit)
48 silly tarball no local data for @next/swc-win32-x64-msvc@https://registry.npmjs.org/@next/swc-win32-x64-msvc/-/swc-win32-x64-msvc-16.2.10.tgz. Extracting by manifest.
49 http fetch GET 200 https://registry.npmjs.org/@next/swc-win32-x64-msvc/-/swc-win32-x64-msvc-16.2.10.tgz 122299ms (cache miss)
50 silly CHANGE node_modules/@next/swc-win32-x64-msvc
51 verbose cwd C:\Users\Eric\Documents\New project\loan-portal
52 verbose os Windows_NT 10.0.26200
53 verbose node v24.12.0
54 verbose npm  v11.6.2
55 verbose exit 0
56 info ok
